----------------------------------------------------------------
>>> Stage 3.5 — SEED 1 peer into DB (controlled)
----------------------------------------------------------------
----------------------------------------------------------------
>>> Load app DB env
----------------------------------------------------------------
+ CMD: bash -lc 
    cd '/opt/vpn-service'
    source scripts/lib/appdb.sh
    load_app_db_env '/opt/vpn-service/infra/local/app-db.env'
    echo "PG_DATABASE=$PG_DATABASE PG_USER=$PG_USER PG_HOST=$PG_HOST PG_PORT=$PG_PORT PG_PASSWORD=${PG_PASSWORD:+SET}"
  
PG_DATABASE=vpnservice PG_USER=vpnservice PG_HOST=127.0.0.1 PG_PORT=5432 PG_PASSWORD=SET
STATUS: OK (exit=0)
----------------------------------------------------------------
>>> Precheck: required tables exist
----------------------------------------------------------------
----------------------------------------------------------------
>>> Check public."VpnPeers" exists
----------------------------------------------------------------
+ CMD: bash -lc 
    cd '/opt/vpn-service'
    source scripts/lib/appdb.sh
    load_app_db_env '/opt/vpn-service/infra/local/app-db.env'
    psql_app -Atc "select count(*) from information_schema.tables where table_schema='public' and table_name='VpnPeers';" | grep -qx '1'
  
STATUS: OK (exit=0)
----------------------------------------------------------------
>>> Check public."VpnServers" exists
----------------------------------------------------------------
+ CMD: bash -lc 
    cd '/opt/vpn-service'
    source scripts/lib/appdb.sh
    load_app_db_env '/opt/vpn-service/infra/local/app-db.env'
    psql_app -Atc "select count(*) from information_schema.tables where table_schema='public' and table_name='VpnServers';" | grep -qx '1'
  
STATUS: OK (exit=0)
----------------------------------------------------------------
>>> Resolve VpnServerId (must exist)
----------------------------------------------------------------
FAIL: no rows in public."VpnServers". Cannot seed peer because VpnServerId is NOT NULL.
Action: create a Stage 3.5 seed for VpnServers (we will add a script) and rerun.
