>>> Stage 3.5 FINALIZE
TIME_UTC: 2026-01-06T21:13:27Z
IFACE: wg1

DESIRED_FILE=/opt/vpn-service/reports/stage35_desired_2026-01-06_21-06-12.tsv (lines=1)
ACTUAL_FILE=/opt/vpn-service/reports/stage35_actual_2026-01-06_21-09-17.tsv (lines=1)
PLAN_FILE=/opt/vpn-service/reports/stage35_plan_2026-01-06_21-09-25.tsv (lines=0)
DIFF_FILE=/opt/vpn-service/reports/stage35_diff_2026-01-06_21-09-25.txt

>>> wg show (sanity)
interface: wg1
  public key: ZYXEy5Xnr+8yTjisbjgyaLGzvDBqvPtcY6A/EFEAk0U=
  private key: (hidden)
  listening port: 51820

peer: QJh6h5iG80A3kvfmP46RvSR1ddBDOWV+6lMU04tNUBY=
  allowed ips: 0.0.0.0/0

>>> Diff excerpt
RESULT=NO_CHANGES
ADD=0 DEL=0
PLAN_FILE=/opt/vpn-service/reports/stage35_plan_2026-01-06_21-09-25.tsv
DESIRED_FILE=/opt/vpn-service/reports/stage35_desired_2026-01-06_21-06-12.tsv
ACTUAL_FILE=/opt/vpn-service/reports/stage35_actual_2026-01-06_21-09-17.tsv

PLAN_PREVIEW:
