-------------------------------------------
TASK: API: start background
TIME_UTC: Сб 17 янв 2026 08:03:23 UTC
HOST: Vpn-Main
REPO_ROOT: /opt/vpn-service
-------------------------------------------
Started API background PID=3694
API stdout/stderr: /opt/vpn-service/reports/report_2026-01-17_08-03-23.log.api.out
-------------------------------------------
TASK: API: health probe
TIME_UTC: Сб 17 янв 2026 08:03:23 UTC
HOST: Vpn-Main
REPO_ROOT: /opt/vpn-service
-------------------------------------------
Waiting for health... (1/60)
Waiting for health... (2/60)
Waiting for health... (3/60)
Waiting for health... (4/60)
Waiting for health... (5/60)
Waiting for health... (6/60)
Health: OK (http://127.0.0.1:5272/health)
