
[1;33m>>> DB: fix app password (no manual input)[0m
REPO_ROOT: /opt/vpn-service
PG_USER=vpnservice PG_DB=vpnservice PG_HOST=127.0.0.1 PG_PORT=5432

[1;33m>>> DB(admin/socket): ensure role exists[0m
CMD: sudo -u postgres psql -v ON_ERROR_STOP=1 -Atc SELECT 1 FROM pg_roles WHERE rolname='vpnservice'
1
STATUS: 0

[1;33m>>> Setting new password for role vpnservice[0m
NEW_PASSWORD: vp***

[1;33m>>> DB(admin/socket): ALTER ROLE password[0m
CMD: sudo -u postgres psql -v ON_ERROR_STOP=1 -c ALTER ROLE vpnservice WITH LOGIN PASSWORD 'vpnservice_pwd_20260106_114545';
ALTER ROLE
STATUS: 0

[1;33m>>> DB(admin/socket): ensure db exists[0m
CMD: sudo -u postgres psql -v ON_ERROR_STOP=1 -Atc SELECT 1 FROM pg_database WHERE datname='vpnservice'
1
STATUS: 0

[1;33m>>> DB(admin/socket): set db owner[0m
CMD: sudo -u postgres psql -v ON_ERROR_STOP=1 -c ALTER DATABASE vpnservice OWNER TO vpnservice;
ALTER DATABASE
STATUS: 0

[1;33m>>> DB(app/tcp): select 1[0m
CMD: bash -lc PGPASSWORD='vpnservice_pwd_20260106_114545' psql -h '127.0.0.1' -p '5432' -U 'vpnservice' -d 'vpnservice' -v ON_ERROR_STOP=1 -Atc 'select 1;'
1
STATUS: 0

[1;33m>>> Persisting app DB env to /opt/vpn-service/infra/local/app-db.env[0m
[0;32mOK[0m Saved local env: /opt/vpn-service/infra/local/app-db.env
Next: source it before running preflight/migrations:
  source '/opt/vpn-service/infra/local/app-db.env'
