-------------------------------------------
TASK: DB: ensure role + database
TIME_UTC: Пн 05 янв 2026 11:36:49 UTC
HOST: Vpn-Main
REPO_ROOT: /opt/vpn-service
-------------------------------------------
DB_MODE=system
PG_HOST=127.0.0.1
PG_PORT=5432
PG_DB=vpnservice
PG_USER=vpnservice
PG_PASSWORD=23***
PG_ADMIN_USER=postgres
Bootstrap user: vpnservice
Role: vpnservice
Database: vpnservice
+ psql (admin) ensure role/db (password redacted)
ERROR:  syntax error at or near ":"
СТРОКА 3: ...OT EXISTS (SELECT 1 FROM pg_roles WHERE rolname = :'role') T...
                                                               ^

ERROR
DB action failed: db_ensure_bootstrap

