----------------------------------------------------------------
>>> Stage 3.5 — RECONCILE APPLY (controlled)
----------------------------------------------------------------
API_URL=http://localhost:5272
IFACE=wg1
LAST_ENV=/opt/vpn-service/reports/stage35_last_run.env
TOKEN_FILE=/opt/vpn-service/reports/last_token.txt
----------------------------------------------------------------
PLAN_FILE=/opt/vpn-service/reports/stage35_plan_2026-01-06_15-06-42.tsv
ADD=1 DEL=0
----------------------------------------------------------------
----------------------------------------------------------------
>>> Plan preview (top 50)
----------------------------------------------------------------
ADD	QJh6h5iG80A3kvfmP46RvSR1ddBDOWV+6lMU04tNUBY
----------------------------------------------------------------
>>> SAFETY GATE
----------------------------------------------------------------
This will call: * /api/v1/admin/wg/reconcile (method auto-detected)
Type APPLY to continue.
----------------------------------------------------------------
>>> Auth precheck (state probe; auto-login on 401)
----------------------------------------------------------------
STATE_PROBE_HTTP=200
----------------------------------------------------------------
>>> Reconcile APPLY (auto-detect method)
----------------------------------------------------------------
HTTP=405 METHOD=POST OUT=/opt/vpn-service/reports/stage35_reconcile_apply_2026-01-06_15-26-47.json
ALLOW=Allow: GET
HTTP=405 METHOD=PUT OUT=/opt/vpn-service/reports/stage35_reconcile_apply_2026-01-06_15-26-47.json
ALLOW=Allow: GET
HTTP=405 METHOD=PATCH OUT=/opt/vpn-service/reports/stage35_reconcile_apply_2026-01-06_15-26-47.json
ALLOW=Allow: GET
HTTP=200 METHOD=GET OUT=/opt/vpn-service/reports/stage35_reconcile_apply_2026-01-06_15-26-48.json
OK reconcile apply success.
----------------------------------------------------------------
>>> Post-check: WG state (read-only)
----------------------------------------------------------------
WG_STATE_JSON=/opt/vpn-service/reports/stage35_wg_state_2026-01-06_15-26-48.json
{"iface":"wg1","generatedAtUtc":"2026-01-06T15:26:48.1257898Z","interface":{"publicKey":"ZYXEy5Xnr\u002B8yTjisbjgyaLGzvDBqvPtcY6A/EFEAk0U=","listenPort":51820},"peers":[]}
----------------------------------------------------------------
>>> DONE
----------------------------------------------------------------
Report saved: /opt/vpn-service/reports/report_stage35_apply_2026-01-06_15-26-41.log
