----------------------------------------------------------------
>>> Stage 3.5 — SEED 1 peer into DB (controlled)
----------------------------------------------------------------
----------------------------------------------------------------
>>> Load app DB env
----------------------------------------------------------------
+ CMD: bash -lc 
    cd '/opt/vpn-service'
    source scripts/lib/appdb.sh
    load_app_db_env '/opt/vpn-service/infra/local/app-db.env'
    echo "PG_DATABASE=$PG_DATABASE PG_USER=$PG_USER PG_HOST=$PG_HOST PG_PORT=$PG_PORT PG_PASSWORD=${PG_PASSWORD:+SET}"
  
PG_DATABASE=vpnservice PG_USER=vpnservice PG_HOST=127.0.0.1 PG_PORT=5432 PG_PASSWORD=SET
STATUS: OK (exit=0)
----------------------------------------------------------------
>>> Precheck: table public."VpnPeers" exists
----------------------------------------------------------------
----------------------------------------------------------------
>>> Check table exists
----------------------------------------------------------------
+ CMD: bash -lc 
    cd '/opt/vpn-service'
    source scripts/lib/appdb.sh
    load_app_db_env '/opt/vpn-service/infra/local/app-db.env'
    psql_app -Atc "select count(*) from information_schema.tables where table_schema='public' and table_name='VpnPeers';" | grep -qx '1'
  
STATUS: OK (exit=0)
----------------------------------------------------------------
>>> Generate WireGuard keypair (private key stored on disk, not printed)
----------------------------------------------------------------
----------------------------------------------------------------
>>> wg genkey + pubkey
----------------------------------------------------------------
+ CMD: bash -lc 
    set -Eeuo pipefail
    priv=$(wg genkey)
    pub=$(printf '%s' "$priv" | wg pubkey)
    printf '%s
' "$priv" > '"/opt/vpn-service/reports/stage35_seed_keys_2026-01-06_14-43-03"/privatekey'
    chmod 600 '"/opt/vpn-service/reports/stage35_seed_keys_2026-01-06_14-43-03"/privatekey'
    printf '%s
' "$pub"  > '"/opt/vpn-service/reports/stage35_seed_keys_2026-01-06_14-43-03"/publickey'
    echo "PUBLIC_KEY=$pub"
    echo "KEY_DIR="/opt/vpn-service/reports/stage35_seed_keys_2026-01-06_14-43-03""
  
bash: line 5: "/opt/vpn-service/reports/stage35_seed_keys_2026-01-06_14-43-03"/privatekey: No such file or directory
STATUS: FAIL (exit=1)
FAIL: cannot read generated PUBLIC_KEY from report
