IFACE=wg1
LAST_ENV=/opt/vpn-service/reports/stage35_last_run.env
----------------------------------------------------------------
>>> Stage 3.5 — RECONCILE APPLY (controlled, local wg set)
----------------------------------------------------------------
IFACE=wg1
PLAN_FILE=/opt/vpn-service/reports/stage35_plan_2026-01-06_21-30-52.tsv
----------------------------------------------------------------
>>> Plan summary
----------------------------------------------------------------
ADD=0 DEL=0 UPD=1
Plan preview (top 50):
----------------------------------------------------------------
>>> Pre-validate all pubkeys in plan
----------------------------------------------------------------
----------------------------------------------------------------
>>> SAFETY GATE
----------------------------------------------------------------
This will APPLY locally via: wg set wg1 ...
Type APPLY to continue.
----------------------------------------------------------------
>>> Apply plan to wg interface
----------------------------------------------------------------
[UPD] QJh6h5iG80A3kvfmP46RvSR1ddBDOWV+6lMU04tNUBY=
----------------------------------------------------------------
>>> Post-check: wg show wg1 (first 30 lines)
----------------------------------------------------------------
----------------------------------------------------------------
>>> DONE
----------------------------------------------------------------
