Используются параметры запуска из VpnService.Api/Properties/launchSettings.json...
Сборка…
/opt/vpn-service/VpnService.Infrastructure/Repositories/RefreshTokenRepository.cs(35,23): warning CS1998: В данном асинхронном методе отсутствуют операторы await, поэтому метод будет выполняться синхронно. Воспользуйтесь оператором await для ожидания неблокирующих вызовов API или оператором await Task.Run(...) для выполнения связанных с ЦП заданий в фоновом потоке. [/opt/vpn-service/VpnService.Infrastructure/VpnService.Infrastructure.csproj]
/opt/vpn-service/VpnService.Infrastructure/Repositories/PeerRepository.cs(57,23): warning CS1998: В данном асинхронном методе отсутствуют операторы await, поэтому метод будет выполняться синхронно. Воспользуйтесь оператором await для ожидания неблокирующих вызовов API или оператором await Task.Run(...) для выполнения связанных с ЦП заданий в фоновом потоке. [/opt/vpn-service/VpnService.Infrastructure/VpnService.Infrastructure.csproj]
[09:00:56 INF] Saved 0 entities to in-memory store.
[09:00:56 INF] In-memory database created successfully
[09:00:56 INF] VPN Service starting...
[09:00:56 INF] User profile is available. Using '/root/.aspnet/DataProtection-Keys' as key repository; keys will not be encrypted at rest.
[09:00:56 INF] Now listening on: http://localhost:5272
[09:00:56 INF] Application started. Press Ctrl+C to shut down.
[09:00:56 INF] Hosting environment: Development
[09:00:56 INF] Content root path: /opt/vpn-service/VpnService.Api
[09:01:47 INF] Request starting HTTP/1.1 GET http://localhost:5272/health - null null
[09:01:47 WRN] Failed to determine the https port for redirect.
[09:01:47 INF] Executing endpoint 'Health checks'
[09:01:47 INF] Executed endpoint 'Health checks'
[09:01:47 INF] Request finished HTTP/1.1 GET http://localhost:5272/health - 200 null text/plain 92.926ms
[09:01:47 INF] Request starting HTTP/1.1 POST http://localhost:5272/api/v1/auth/login - application/json 42
[09:01:47 INF] Executing endpoint 'VpnService.Api.Controllers.AuthController.Login (VpnService.Api)'
[09:01:47 INF] Route matched with {action = "Login", controller = "Auth"}. Executing controller action with signature System.Threading.Tasks.Task`1[Microsoft.AspNetCore.Mvc.ActionResult`1[VpnService.Application.DTOs.AuthLoginResponse]] Login(VpnService.Application.DTOs.AuthLoginRequest) on controller VpnService.Api.Controllers.AuthController (VpnService.Api).
[09:01:47 INF] Saved 1 entities to in-memory store.
[09:01:47 INF] User logged in: admin
[09:01:47 INF] Executing OkObjectResult, writing value of type 'VpnService.Application.DTOs.AuthLoginResponse'.
[09:01:47 INF] Executed action VpnService.Api.Controllers.AuthController.Login (VpnService.Api) in 324.4557ms
[09:01:47 INF] Executed endpoint 'VpnService.Api.Controllers.AuthController.Login (VpnService.Api)'
[09:01:47 INF] Request finished HTTP/1.1 POST http://localhost:5272/api/v1/auth/login - 200 null application/json; charset=utf-8 365.889ms
[09:02:05 INF] Request starting HTTP/1.1 GET http://localhost:5272/health - null null
[09:02:05 INF] Executing endpoint 'Health checks'
[09:02:05 INF] Executed endpoint 'Health checks'
[09:02:05 INF] Request finished HTTP/1.1 GET http://localhost:5272/health - 200 null text/plain 5.9011ms
[09:02:05 INF] Request starting HTTP/1.1 POST http://localhost:5272/api/v1/auth/login - application/json 42
[09:02:05 INF] Executing endpoint 'VpnService.Api.Controllers.AuthController.Login (VpnService.Api)'
[09:02:05 INF] Route matched with {action = "Login", controller = "Auth"}. Executing controller action with signature System.Threading.Tasks.Task`1[Microsoft.AspNetCore.Mvc.ActionResult`1[VpnService.Application.DTOs.AuthLoginResponse]] Login(VpnService.Application.DTOs.AuthLoginRequest) on controller VpnService.Api.Controllers.AuthController (VpnService.Api).
[09:02:05 INF] Saved 1 entities to in-memory store.
[09:02:05 INF] User logged in: admin
[09:02:05 INF] Executing OkObjectResult, writing value of type 'VpnService.Application.DTOs.AuthLoginResponse'.
[09:02:05 INF] Executed action VpnService.Api.Controllers.AuthController.Login (VpnService.Api) in 46.6959ms
[09:02:05 INF] Executed endpoint 'VpnService.Api.Controllers.AuthController.Login (VpnService.Api)'
[09:02:05 INF] Request finished HTTP/1.1 POST http://localhost:5272/api/v1/auth/login - 200 null application/json; charset=utf-8 51.8807ms
[09:31:40 INF] Request starting HTTP/1.1 GET http://localhost:5272/health - null null
[09:31:40 INF] Executing endpoint 'Health checks'
[09:31:40 INF] Executed endpoint 'Health checks'
[09:31:40 INF] Request finished HTTP/1.1 GET http://localhost:5272/health - 200 null text/plain 2.0333ms
[09:31:40 INF] Request starting HTTP/1.1 POST http://localhost:5272/api/v1/auth/login - application/json 42
[09:31:40 INF] Executing endpoint 'VpnService.Api.Controllers.AuthController.Login (VpnService.Api)'
[09:31:40 INF] Route matched with {action = "Login", controller = "Auth"}. Executing controller action with signature System.Threading.Tasks.Task`1[Microsoft.AspNetCore.Mvc.ActionResult`1[VpnService.Application.DTOs.AuthLoginResponse]] Login(VpnService.Application.DTOs.AuthLoginRequest) on controller VpnService.Api.Controllers.AuthController (VpnService.Api).
[09:31:40 INF] Saved 1 entities to in-memory store.
[09:31:40 INF] User logged in: admin
[09:31:40 INF] Executing OkObjectResult, writing value of type 'VpnService.Application.DTOs.AuthLoginResponse'.
[09:31:40 INF] Executed action VpnService.Api.Controllers.AuthController.Login (VpnService.Api) in 5.4723ms
[09:31:40 INF] Executed endpoint 'VpnService.Api.Controllers.AuthController.Login (VpnService.Api)'
[09:31:40 INF] Request finished HTTP/1.1 POST http://localhost:5272/api/v1/auth/login - 200 null application/json; charset=utf-8 6.7521ms
[09:48:05 INF] Request starting HTTP/1.1 GET http://localhost:5272/health - null null
[09:48:05 INF] Executing endpoint 'Health checks'
[09:48:05 INF] Executed endpoint 'Health checks'
[09:48:05 INF] Request finished HTTP/1.1 GET http://localhost:5272/health - 200 null text/plain 2.1522ms
[09:48:05 INF] Request starting HTTP/1.1 POST http://localhost:5272/api/v1/auth/login - application/json 42
[09:48:05 INF] Executing endpoint 'VpnService.Api.Controllers.AuthController.Login (VpnService.Api)'
[09:48:05 INF] Route matched with {action = "Login", controller = "Auth"}. Executing controller action with signature System.Threading.Tasks.Task`1[Microsoft.AspNetCore.Mvc.ActionResult`1[VpnService.Application.DTOs.AuthLoginResponse]] Login(VpnService.Application.DTOs.AuthLoginRequest) on controller VpnService.Api.Controllers.AuthController (VpnService.Api).
[09:48:05 INF] Saved 1 entities to in-memory store.
[09:48:05 INF] User logged in: admin
[09:48:05 INF] Executing OkObjectResult, writing value of type 'VpnService.Application.DTOs.AuthLoginResponse'.
[09:48:05 INF] Executed action VpnService.Api.Controllers.AuthController.Login (VpnService.Api) in 3.6963ms
[09:48:05 INF] Executed endpoint 'VpnService.Api.Controllers.AuthController.Login (VpnService.Api)'
[09:48:05 INF] Request finished HTTP/1.1 POST http://localhost:5272/api/v1/auth/login - 200 null application/json; charset=utf-8 5.2255ms
[10:10:09 INF] Request starting HTTP/1.1 GET http://localhost:5272/health - null null
[10:10:09 INF] Executing endpoint 'Health checks'
[10:10:09 INF] Executed endpoint 'Health checks'
[10:10:09 INF] Request finished HTTP/1.1 GET http://localhost:5272/health - 200 null text/plain 2.6214ms
[10:10:09 INF] Request starting HTTP/1.1 POST http://localhost:5272/api/v1/auth/login - application/json 42
[10:10:09 INF] Executing endpoint 'VpnService.Api.Controllers.AuthController.Login (VpnService.Api)'
[10:10:09 INF] Route matched with {action = "Login", controller = "Auth"}. Executing controller action with signature System.Threading.Tasks.Task`1[Microsoft.AspNetCore.Mvc.ActionResult`1[VpnService.Application.DTOs.AuthLoginResponse]] Login(VpnService.Application.DTOs.AuthLoginRequest) on controller VpnService.Api.Controllers.AuthController (VpnService.Api).
[10:10:09 INF] Saved 1 entities to in-memory store.
[10:10:09 INF] User logged in: admin
[10:10:09 INF] Executing OkObjectResult, writing value of type 'VpnService.Application.DTOs.AuthLoginResponse'.
[10:10:09 INF] Executed action VpnService.Api.Controllers.AuthController.Login (VpnService.Api) in 2.6474ms
[10:10:09 INF] Executed endpoint 'VpnService.Api.Controllers.AuthController.Login (VpnService.Api)'
[10:10:09 INF] Request finished HTTP/1.1 POST http://localhost:5272/api/v1/auth/login - 200 null application/json; charset=utf-8 4.2584ms
[10:15:07 INF] Application is shutting down...
