----------------------------------------------------------------
>>> Stage 3.5 — RECONCILE APPLY (controlled, local wg set)
----------------------------------------------------------------
IFACE=wg1
LAST_ENV=/opt/vpn-service/reports/stage35_last_run.env
PLAN_FILE=/opt/vpn-service/reports/stage35_plan_2026-01-06_21-26-30.tsv
----------------------------------------------------------------
>>> Plan summary
----------------------------------------------------------------
ADD=0 DEL=0 UPD=1
Plan preview (top 50):
UPD     QJh6h5iG80A3kvfmP46RvSR1ddBDOWV+6lMU04tNUBY=     10.8.0.100/32          0     1
----------------------------------------------------------------
>>> Pre-validate all pubkeys in plan
----------------------------------------------------------------
----------------------------------------------------------------
>>> SAFETY GATE
----------------------------------------------------------------
This will APPLY locally via: wg set wg1 ...
Type APPLY to continue.
----------------------------------------------------------------
>>> Apply plan to wg interface
----------------------------------------------------------------
[UPD] QJh6h5iG80A3kvfmP46RvSR1ddBDOWV+6lMU04tNUBY=
