Используются параметры запуска из VpnService.Api/Properties/launchSettings.json...
Сборка…
/opt/vpn-service/VpnService.Infrastructure/Repositories/RefreshTokenRepository.cs(35,23): warning CS1998: В данном асинхронном методе отсутствуют операторы await, поэтому метод будет выполняться синхронно. Воспользуйтесь оператором await для ожидания неблокирующих вызовов API или оператором await Task.Run(...) для выполнения связанных с ЦП заданий в фоновом потоке. [/opt/vpn-service/VpnService.Infrastructure/VpnService.Infrastructure.csproj]
/opt/vpn-service/VpnService.Infrastructure/Repositories/PeerRepository.cs(57,23): warning CS1998: В данном асинхронном методе отсутствуют операторы await, поэтому метод будет выполняться синхронно. Воспользуйтесь оператором await для ожидания неблокирующих вызовов API или оператором await Task.Run(...) для выполнения связанных с ЦП заданий в фоновом потоке. [/opt/vpn-service/VpnService.Infrastructure/VpnService.Infrastructure.csproj]
[08:29:57 INF] Saved 0 entities to in-memory store.
[08:29:57 INF] In-memory database created successfully
[08:29:57 INF] VPN Service starting...
[08:29:57 INF] User profile is available. Using '/root/.aspnet/DataProtection-Keys' as key repository; keys will not be encrypted at rest.
[08:29:58 INF] Now listening on: http://localhost:5272
[08:29:58 INF] Application started. Press Ctrl+C to shut down.
[08:29:58 INF] Hosting environment: Development
[08:29:58 INF] Content root path: /opt/vpn-service/VpnService.Api
[08:30:48 INF] Request starting HTTP/1.1 GET http://localhost:5272/health - null null
[08:30:48 WRN] Failed to determine the https port for redirect.
[08:30:48 INF] Executing endpoint 'Health checks'
[08:30:48 INF] Executed endpoint 'Health checks'
[08:30:48 INF] Request finished HTTP/1.1 GET http://localhost:5272/health - 200 null text/plain 95.8483ms
[08:30:48 INF] Request starting HTTP/1.1 POST http://localhost:5272/api/v1/auth/login - application/json 42
[08:30:48 INF] Executing endpoint 'VpnService.Api.Controllers.AuthController.Login (VpnService.Api)'
[08:30:48 INF] Route matched with {action = "Login", controller = "Auth"}. Executing controller action with signature System.Threading.Tasks.Task`1[Microsoft.AspNetCore.Mvc.ActionResult`1[VpnService.Application.DTOs.AuthLoginResponse]] Login(VpnService.Application.DTOs.AuthLoginRequest) on controller VpnService.Api.Controllers.AuthController (VpnService.Api).
[08:30:48 INF] Saved 1 entities to in-memory store.
[08:30:48 INF] User logged in: admin
[08:30:48 INF] Executing OkObjectResult, writing value of type 'VpnService.Application.DTOs.AuthLoginResponse'.
[08:30:48 INF] Executed action VpnService.Api.Controllers.AuthController.Login (VpnService.Api) in 252.1786ms
[08:30:48 INF] Executed endpoint 'VpnService.Api.Controllers.AuthController.Login (VpnService.Api)'
[08:30:48 INF] Request finished HTTP/1.1 POST http://localhost:5272/api/v1/auth/login - 200 null application/json; charset=utf-8 291.088ms
[08:39:27 INF] Application is shutting down...
