----------------------------------------------------------------
>>> Stage 3.5 — DESIRED (DB) dump (read-only)
----------------------------------------------------------------
----------------------------------------------------------------
>>> Load app DB env
----------------------------------------------------------------
+ CMD: bash -lc 
    cd '/opt/vpn-service'
    source scripts/lib/appdb.sh
    load_app_db_env '/opt/vpn-service/infra/local/app-db.env'
    echo "PG_DATABASE=$PG_DATABASE PG_USER=$PG_USER PG_HOST=$PG_HOST PG_PORT=$PG_PORT PG_PASSWORD=${PG_PASSWORD:+SET}"
  
PG_DATABASE=vpnservice PG_USER=vpnservice PG_HOST=127.0.0.1 PG_PORT=5432 PG_PASSWORD=SET
STATUS: OK (exit=0)
----------------------------------------------------------------
>>> Locate table that has columns public_key + allowed_ips
----------------------------------------------------------------
FAIL: cannot find any table with columns (public_key, allowed_ips).
----------------------------------------------------------------
>>> DEBUG: candidates (top 50) with public_key
----------------------------------------------------------------
