----------------------------------------------------------------
>>> Stage 3.5 — DIFF/PLAN (read-only)
----------------------------------------------------------------
DESIRED_FILE=/opt/vpn-service/reports/stage35_desired_2026-01-06_15-06-42.tsv
ACTUAL_FILE=/opt/vpn-service/reports/stage35_actual_2026-01-06_15-06-42.tsv
----------------------------------------------------------------
>>> Normalize desired/actual -> pubkey sets
----------------------------------------------------------------
----------------------------------------------------------------
>>> Desired pubkeys (sorted)
----------------------------------------------------------------
+ CMD: bash -lc 
    set -Eeuo pipefail
    awk -F'	' 'NF>=1 && length($1)>0 {print $1}' '/opt/vpn-service/reports/stage35_desired_2026-01-06_15-06-42.tsv' | sed '/^\s*$/d' | sort -u > '/tmp/stage35_desired_pub_17760.txt'
    wc -l '/tmp/stage35_desired_pub_17760.txt'
    head -n 20 '/tmp/stage35_desired_pub_17760.txt'
  
1 /tmp/stage35_desired_pub_17760.txt
QJh6h5iG80A3kvfmP46RvSR1ddBDOWV+6lMU04tNUBY
STATUS: OK (exit=0)
----------------------------------------------------------------
>>> Actual pubkeys (sorted)
----------------------------------------------------------------
+ CMD: bash -lc 
    set -Eeuo pipefail
    awk -F'	' 'NF>=1 && length($1)>0 {print $1}' '/opt/vpn-service/reports/stage35_actual_2026-01-06_15-06-42.tsv' | sed '/^\s*$/d' | sort -u > '/tmp/stage35_actual_pub_17760.txt'
    wc -l '/tmp/stage35_actual_pub_17760.txt'
    head -n 20 '/tmp/stage35_actual_pub_17760.txt'
  
0 /tmp/stage35_actual_pub_17760.txt
STATUS: OK (exit=0)
----------------------------------------------------------------
>>> Compute plan (ADD/DEL by pubkey)
----------------------------------------------------------------
----------------------------------------------------------------
>>> Write artifacts
----------------------------------------------------------------
----------------------------------------------------------------
>>> Summary
----------------------------------------------------------------
RESULT=CHANGES_PENDING
ADD=0 DEL=0
PLAN_FILE=/opt/vpn-service/reports/stage35_plan_2026-01-06_15-06-42.tsv
DIFF_FILE=/opt/vpn-service/reports/stage35_diff_2026-01-06_15-06-42.txt
----------------------------------------------------------------
>>> DONE
----------------------------------------------------------------
