----------------------------------------------------------------
>>> Stage 3.5 — RECONCILE APPLY (controlled, local wg set)
----------------------------------------------------------------
IFACE=wg1
PLAN_FILE=/opt/vpn-service/reports/stage35_plan_2026-01-06_21-02-10.tsv
----------------------------------------------------------------
>>> Plan summary
----------------------------------------------------------------
ADD=1 DEL=0
Plan preview (top 50):
ADD	QJh6h5iG80A3kvfmP46RvSR1ddBDOWV+6lMU04tNUBY
----------------------------------------------------------------
>>> SAFETY GATE
----------------------------------------------------------------
This will APPLY locally via: wg set wg1 ...
Type APPLY to continue.
----------------------------------------------------------------
>>> Apply plan to wg interface
----------------------------------------------------------------
[ADD] QJh6h5iG80A3kvfmP46RvSR1ddBDOWV+6lMU04tNUBY
