-------------------------------------------
TASK: DB: ensure role + database
TIME_UTC: Пн 05 янв 2026 13:16:17 UTC
HOST: Vpn-Main
REPO_ROOT: /opt/vpn-service
-------------------------------------------
DB_MODE=system
PG_HOST=127.0.0.1
PG_PORT=5432
PG_DB=vpnservice
PG_USER=vpnservice
PG_PASSWORD=23***
PG_ADMIN_USER=postgres
Bootstrap user: postgres
Role: vpnservice
Database: vpnservice
+ psql (admin) ensure role/db (password redacted)
-------------------------------------------
TASK: DB: check role exists (system)
TIME_UTC: Пн 05 янв 2026 13:16:17 UTC
HOST: Vpn-Main
REPO_ROOT: /opt/vpn-service
-------------------------------------------
+ sudo -u postgres psql -v ON_ERROR_STOP=1 -h 127.0.0.1 -p 5432 -U postgres -Atc SELECT 1 FROM pg_roles WHERE rolname = 'vpnservice' LIMIT 1;
psql: ошибка: подключиться к серверу "127.0.0.1", порту 5432 не удалось: FATAL:  password authentication failed for user "postgres"
подключиться к серверу "127.0.0.1", порту 5432 не удалось: FATAL:  password authentication failed for user "postgres"
STATUS: 2


ERROR
DB action failed: db_ensure_bootstrap

-------------------------------------------
TASK: Git: add (forced) report only
TIME_UTC: Пн 05 янв 2026 13:16:31 UTC
HOST: Vpn-Main
REPO_ROOT: /opt/vpn-service
-------------------------------------------
+ git -C /opt/vpn-service add -f -- reports/report_2026-01-05_13-16-16.log
STATUS: 0

-------------------------------------------
TASK: Git: commit report only
TIME_UTC: Пн 05 янв 2026 13:16:31 UTC
HOST: Vpn-Main
REPO_ROOT: /opt/vpn-service
-------------------------------------------
+ git -C /opt/vpn-service commit -m report: db_ensure_bootstrap report_2026-01-05_13-16-16.log --only -- reports/report_2026-01-05_13-16-16.log
