----------------------------------------------------------------
>>> Stage 3.5 — SEED 1 server into DB (controlled)
----------------------------------------------------------------
----------------------------------------------------------------
>>> Load app DB env
----------------------------------------------------------------
+ CMD: bash -lc 
    cd '/opt/vpn-service'
    source scripts/lib/appdb.sh
    load_app_db_env '/opt/vpn-service/infra/local/app-db.env'
    echo "PG_DATABASE=$PG_DATABASE PG_USER=$PG_USER PG_HOST=$PG_HOST PG_PORT=$PG_PORT"
  
PG_DATABASE=vpnservice PG_USER=vpnservice PG_HOST=127.0.0.1 PG_PORT=5432
STATUS: OK (exit=0)
----------------------------------------------------------------
>>> Detect required NOT NULL columns in public."VpnServers" (excluding Id/CreatedAt/UpdatedAt)
----------------------------------------------------------------
FAIL: VpnServers has required NOT NULL columns besides Id/CreatedAt/UpdatedAt:
 - Name
 - Gateway
 - Network
No insert performed.
