----------------------------------------------------------------
>>> Stage 3.5 — RECONCILE APPLY (controlled, local wg set)
----------------------------------------------------------------
IFACE=wg1
LAST_ENV=/opt/vpn-service/reports/stage35_last_run.env
PLAN_FILE=/opt/vpn-service/reports/stage35_plan_2026-01-06_22-09-30.tsv

----------------------------------------------------------------
>>> Plan summary
----------------------------------------------------------------
ADD=0 DEL=0 UPD=0
Plan preview (top 50):

----------------------------------------------------------------
>>> Pre-validate all pubkeys in plan
----------------------------------------------------------------
OK pubkey validation

----------------------------------------------------------------
>>> SAFETY GATE
----------------------------------------------------------------
This will APPLY locally via: wg set wg1 ...
Type APPLY to continue.
----------------------------------------------------------------
>>> Apply plan to wg interface
----------------------------------------------------------------
NO_CHANGES (empty plan file)

----------------------------------------------------------------
>>> Post-check: wg show wg1 (first 30 lines)
----------------------------------------------------------------
interface: wg1
  public key: ZYXEy5Xnr+8yTjisbjgyaLGzvDBqvPtcY6A/EFEAk0U=
  private key: (hidden)
  listening port: 51820

peer: QJh6h5iG80A3kvfmP46RvSR1ddBDOWV+6lMU04tNUBY=
  allowed ips: 10.8.0.100/32

----------------------------------------------------------------
>>> DONE
----------------------------------------------------------------
