-------------------------------------------
TASK: API: start background
TIME_UTC: Вс 04 янв 2026 11:02:52 UTC
HOST: Vpn-Main
REPO_ROOT: /opt/vpn-service
-------------------------------------------
Started API background PID=3983
API stdout/stderr: /opt/vpn-service/reports/report_2026-01-04_11-02-52.log.api.out
-------------------------------------------
TASK: API: health probe
TIME_UTC: Вс 04 янв 2026 11:02:52 UTC
HOST: Vpn-Main
REPO_ROOT: /opt/vpn-service
-------------------------------------------
Waiting for health... (1/60)
Waiting for health... (2/60)
Waiting for health... (3/60)
Waiting for health... (4/60)
Waiting for health... (5/60)
Waiting for health... (6/60)
Waiting for health... (7/60)
Waiting for health... (8/60)
Waiting for health... (9/60)
Waiting for health... (10/60)
Waiting for health... (11/60)
Waiting for health... (12/60)
Health: OK (http://localhost:5272/health)
