----------------------------------------------------------------
>>> Stage 3.5 — DIFF/PLAN (read-only)
----------------------------------------------------------------
DESIRED_FILE=/opt/vpn-service/reports/stage35_desired_2026-01-06_21-20-05.tsv
ACTUAL_FILE=/opt/vpn-service/reports/stage35_actual_2026-01-06_21-20-26.tsv
PLAN=/opt/vpn-service/reports/stage35_plan_2026-01-06_21-21-25.tsv
DIFF=/opt/vpn-service/reports/stage35_diff_2026-01-06_21-21-25.txt
----------------------------------------------------------------
>>> Normalize desired/actual -> maps
----------------------------------------------------------------
DESIRED_COUNT=1
ACTUAL_COUNT=1
----------------------------------------------------------------
>>> Summary
----------------------------------------------------------------
RESULT=CHANGES_PENDING
ADD=0 DEL=0 UPD=1
PLAN_FILE=/opt/vpn-service/reports/stage35_plan_2026-01-06_21-21-25.tsv
DIFF_FILE=/opt/vpn-service/reports/stage35_diff_2026-01-06_21-21-25.txt
----------------------------------------------------------------
>>> DONE
----------------------------------------------------------------
Report: /opt/vpn-service/reports/report_stage35_diff_2026-01-06_21-21-25.log
