----------------------------------------------------------------
>>> Stage 3.5 — DIFF/PLAN (read-only)
----------------------------------------------------------------
DESIRED_FILE=/opt/vpn-service/reports/stage35_desired_2026-01-06_21-01-40.tsv
ACTUAL_FILE=/opt/vpn-service/reports/stage35_actual_2026-01-06_21-01-41.tsv
PLAN=/opt/vpn-service/reports/stage35_plan_2026-01-06_21-02-10.tsv
DIFF=/opt/vpn-service/reports/stage35_diff_2026-01-06_21-02-10.txt
----------------------------------------------------------------
>>> Normalize desired/actual pubkey sets
----------------------------------------------------------------
DESIRED_COUNT=1
ACTUAL_COUNT=0
----------------------------------------------------------------
>>> Summary
----------------------------------------------------------------
RESULT=CHANGES_PENDING
ADD=1 DEL=0
PLAN_FILE=/opt/vpn-service/reports/stage35_plan_2026-01-06_21-02-10.tsv
DIFF_FILE=/opt/vpn-service/reports/stage35_diff_2026-01-06_21-02-10.txt

----------------------------------------------------------------
>>> DONE
----------------------------------------------------------------
Report: /opt/vpn-service/reports/report_stage35_diff_2026-01-06_21-02-10.log
