----------------------------------------------------------------
>>> Stage 3.5 — DESIRED (DB) dump (read-only)
----------------------------------------------------------------
----------------------------------------------------------------
>>> Load app DB env
----------------------------------------------------------------
+ CMD: bash -lc 
    cd '/opt/vpn-service'
    source scripts/lib/appdb.sh
    load_app_db_env '/opt/vpn-service/infra/local/app-db.env'
    echo "PG_DATABASE=$PG_DATABASE PG_USER=$PG_USER"
  
PG_DATABASE=vpnservice PG_USER=vpnservice
STATUS: OK (exit=0)
----------------------------------------------------------------
>>> Export desired TSV from public."VpnPeers" (pub<TAB>allowed<TAB>endpoint<TAB>keepalive<TAB>enabled)
----------------------------------------------------------------
+ CMD: bash -lc 
    set -Eeuo pipefail
    cd '/opt/vpn-service'
    source scripts/lib/appdb.sh
    load_app_db_env '/opt/vpn-service/infra/local/app-db.env'

    psql_app -v ON_ERROR_STOP=1 -Atc "
      select
        \"PublicKey\" || E'	' ||
        (\"AssignedIp\" || '/32') || E'	' ||
        '' || E'	' ||
        '0' || E'	' ||
        (case when coalesce(\"Status\",0) <> 0 then '1' else '0' end)
      from public.\"VpnPeers\"
      order by \"PublicKey\";
    " > '/opt/vpn-service/reports/stage35_desired_2026-01-06_14-57-51.tsv'

    wc -l '/opt/vpn-service/reports/stage35_desired_2026-01-06_14-57-51.tsv'
  
0 /opt/vpn-service/reports/stage35_desired_2026-01-06_14-57-51.tsv
STATUS: OK (exit=0)
----------------------------------------------------------------
>>> Summary
----------------------------------------------------------------
DESIRED_FILE=/opt/vpn-service/reports/stage35_desired_2026-01-06_14-57-51.tsv
