[1;33mAPI already running. PID=6347[0m
-------------------------------------------
TASK: Auth: health check
TIME_UTC: Пн 05 янв 2026 09:33:53 UTC
HOST: Vpn-Main
REPO_ROOT: /opt/vpn-service
-------------------------------------------
+ curl -fsS http://localhost:5272/health
Healthy
-------------------------------------------
TASK: Auth: login (get token)
TIME_UTC: Пн 05 янв 2026 09:33:53 UTC
HOST: Vpn-Main
REPO_ROOT: /opt/vpn-service
-------------------------------------------
Token saved: /opt/vpn-service/reports/last_token.txt
Token preview: eyJhbGciOiJIUzI1NiIsInR5c...
Auth OK. Token saved.
-------------------------------------------
TASK: Stage 3.2: call reconcile dry-run
TIME_UTC: Пн 05 янв 2026 09:33:53 UTC
HOST: Vpn-Main
REPO_ROOT: /opt/vpn-service
-------------------------------------------
GET http://localhost:5272/api/v1/admin/wg/reconcile?iface=wg1&mode=dry-run
HTTP 200, saved: /opt/vpn-service/reports/last_reconcile.json
-------------------------------------------
TASK: Stage 3.2: reconcile preview (head)
TIME_UTC: Пн 05 янв 2026 09:33:53 UTC
HOST: Vpn-Main
REPO_ROOT: /opt/vpn-service
-------------------------------------------
+ bash -lc head -n 80 '/opt/vpn-service/reports/last_reconcile.json'
{"iface":"wg1","summary":{"missing":0,"orphan":0,"drift":0},"details":[]}
