-------------------------------------------
TASK: DB: ports 5432/5433
TIME_UTC: Пн 05 янв 2026 10:57:31 UTC
HOST: Vpn-Main
REPO_ROOT: /opt/vpn-service
-------------------------------------------
+ bash -lc ss -lntp 2>/dev/null | { grep ':5432' || true; grep ':5433' || true; } || true
LISTEN 0      244        127.0.0.1:5432      0.0.0.0:*    users:(("postgres",pid=903,fd=6))                     
LISTEN 0      244            [::1]:5432         [::]:*    users:(("postgres",pid=903,fd=5))                     

-------------------------------------------
TASK: DB: docker ps -a (filtered)
TIME_UTC: Пн 05 янв 2026 10:57:31 UTC
HOST: Vpn-Main
REPO_ROOT: /opt/vpn-service
-------------------------------------------
+ docker ps -a --filter name=vpnservice-postgres --filter name=postgres
CONTAINER ID   IMAGE     COMMAND   CREATED   STATUS    PORTS     NAMES

-------------------------------------------
TASK: DB: systemctl status postgresql
TIME_UTC: Пн 05 янв 2026 10:57:31 UTC
HOST: Vpn-Main
REPO_ROOT: /opt/vpn-service
-------------------------------------------
+ bash -lc systemctl status postgresql || true
● postgresql.service - PostgreSQL RDBMS
     Loaded: loaded (/usr/lib/systemd/system/postgresql.service; enabled; preset: enabled)
     Active: active (exited) since Mon 2026-01-05 08:18:43 UTC; 2h 38min ago
   Main PID: 1001 (code=exited, status=0/SUCCESS)
        CPU: 4ms

янв 05 08:18:43 Vpn-Main systemd[1]: Starting postgresql.service - PostgreSQL RDBMS...
янв 05 08:18:43 Vpn-Main systemd[1]: Finished postgresql.service - PostgreSQL RDBMS.

