-------------------------------------------
TASK: Postgres: docker compose up
TIME_UTC: Пн 05 янв 2026 10:14:49 UTC
HOST: Vpn-Main
REPO_ROOT: /opt/vpn-service
-------------------------------------------
+ docker compose --env-file /opt/vpn-service/infra/postgres/.env -f /opt/vpn-service/infra/postgres/docker-compose.yml up -d --remove-orphans
time="2026-01-05T10:14:50Z" level=warning msg="No services to build"
 Volume vpnservice_pgdata Creating 
 Volume vpnservice_pgdata Created 
 Container vpnservice-postgres Recreate 
 Container vpnservice-postgres Recreated 
 Container vpnservice-postgres Starting 
Error response from daemon: failed to set up container networking: driver failed programming external connectivity on endpoint vpnservice-postgres (8981cd50e3d9e6497452a0c1a8b26f71127ef9106d10b88d87704172ee2263b5): failed to bind host port 0.0.0.0:5432/tcp: address already in use

Waiting for Postgres health... (1/60) state=created health=unknown
Waiting for Postgres health... (2/60) state=created health=unknown
Waiting for Postgres health... (3/60) state=created health=unknown
Waiting for Postgres health... (4/60) state=created health=unknown
Waiting for Postgres health... (5/60) state=created health=unknown
Waiting for Postgres health... (6/60) state=created health=unknown
Waiting for Postgres health... (7/60) state=created health=unknown
Waiting for Postgres health... (8/60) state=created health=unknown
Waiting for Postgres health... (9/60) state=created health=unknown
Waiting for Postgres health... (10/60) state=created health=unknown
Waiting for Postgres health... (11/60) state=created health=unknown
Waiting for Postgres health... (12/60) state=created health=unknown
Waiting for Postgres health... (13/60) state=created health=unknown
Waiting for Postgres health... (14/60) state=created health=unknown
Waiting for Postgres health... (15/60) state=created health=unknown
Waiting for Postgres health... (16/60) state=created health=unknown
Waiting for Postgres health... (17/60) state=created health=unknown
Waiting for Postgres health... (18/60) state=created health=unknown
Waiting for Postgres health... (19/60) state=created health=unknown
Waiting for Postgres health... (20/60) state=created health=unknown
