----------------------------------------------------------------
>>> Stage 3.5 — SEED 1 server into DB (controlled)
----------------------------------------------------------------
----------------------------------------------------------------
>>> Load app DB env
----------------------------------------------------------------
+ CMD: bash -lc 
    cd '/opt/vpn-service'
    source scripts/lib/appdb.sh
    load_app_db_env '/opt/vpn-service/infra/local/app-db.env'
    echo "PG_DATABASE=$PG_DATABASE PG_USER=$PG_USER PG_HOST=$PG_HOST PG_PORT=$PG_PORT"
  
PG_DATABASE=vpnservice PG_USER=vpnservice PG_HOST=127.0.0.1 PG_PORT=5432
STATUS: OK (exit=0)
----------------------------------------------------------------
>>> Precheck: public."VpnServers" exists
----------------------------------------------------------------
+ CMD: bash -lc 
    cd '/opt/vpn-service'
    source scripts/lib/appdb.sh
    load_app_db_env '/opt/vpn-service/infra/local/app-db.env'
    psql_app -Atc "select count(*) from information_schema.tables where table_schema='public' and table_name='VpnServers';" | grep -qx '1'
  
STATUS: OK (exit=0)
----------------------------------------------------------------
>>> SAFETY GATE
----------------------------------------------------------------
Target DB: vpnservice @ 127.0.0.1:5432 user=vpnservice
This will INSERT 1 row into public."VpnServers"
  Id      = 01a9e169-2e7c-4e76-8272-0469d175b0f3
  Name    = wg1
  Gateway = 10.8.0.1/32
  Network = 10.8.0.0/24
Type SEED to continue.
----------------------------------------------------------------
>>> Insert server (Id+Name+Gateway+Network) + count
----------------------------------------------------------------
+ CMD: bash -lc 
    set -Eeuo pipefail
    cd '/opt/vpn-service'
    source scripts/lib/appdb.sh
    load_app_db_env '/opt/vpn-service/infra/local/app-db.env'
    psql_app -v ON_ERROR_STOP=1 -Atc "
      insert into public.\"VpnServers\"(\"Id\",\"Name\",\"Gateway\",\"Network\")
      values (
        '01a9e169-2e7c-4e76-8272-0469d175b0f3'::uuid,
        'wg1',
        '10.8.0.1/32',
        '10.8.0.0/24'
      );
    "
    echo 'DB_COUNT='"$(psql_app -Atc 'select count(*) from public."VpnServers";')"
  
INSERT 0 1
DB_COUNT=1
STATUS: OK (exit=0)
----------------------------------------------------------------
>>> DONE
----------------------------------------------------------------
SEEDED_SERVER_ID=01a9e169-2e7c-4e76-8272-0469d175b0f3
