-------------------------------------------
TASK: System: whoami/hostname/date
TIME_UTC: Сб 03 янв 2026 16:50:10 UTC
HOST: Vpn-Main
REPO_ROOT: /opt/vpn-service
-------------------------------------------
+ whoami
root

-------------------------------------------
TASK: System: hostname
TIME_UTC: Сб 03 янв 2026 16:50:10 UTC
HOST: Vpn-Main
REPO_ROOT: /opt/vpn-service
-------------------------------------------
+ hostname
Vpn-Main

-------------------------------------------
TASK: System: date (UTC)
TIME_UTC: Сб 03 янв 2026 16:50:10 UTC
HOST: Vpn-Main
REPO_ROOT: /opt/vpn-service
-------------------------------------------
+ date -u
Сб 03 янв 2026 16:50:10 UTC

-------------------------------------------
TASK: System: timedatectl (top)
TIME_UTC: Сб 03 янв 2026 16:50:10 UTC
HOST: Vpn-Main
REPO_ROOT: /opt/vpn-service
-------------------------------------------
+ bash -lc timedatectl | sed -n '1,10p'
               Local time: Сб 2026-01-03 16:50:11 UTC
           Universal time: Сб 2026-01-03 16:50:11 UTC
                 RTC time: Сб 2026-01-03 16:49:17
                Time zone: UTC (UTC, +0000)
System clock synchronized: no
              NTP service: inactive
          RTC in local TZ: no

-------------------------------------------
TASK: Network: ip -br a
TIME_UTC: Сб 03 янв 2026 16:50:11 UTC
HOST: Vpn-Main
REPO_ROOT: /opt/vpn-service
-------------------------------------------
+ ip -br a
lo               UNKNOWN        127.0.0.1/8 ::1/128 
enp0s3           UP             10.0.2.15/24 metric 100 fd17:625c:f037:2:a00:27ff:febc:54a4/64 fe80::a00:27ff:febc:54a4/64 
enp0s8           DOWN           
wg1              UNKNOWN        10.0.0.1/24 

-------------------------------------------
TASK: Network: routes
TIME_UTC: Сб 03 янв 2026 16:50:11 UTC
HOST: Vpn-Main
REPO_ROOT: /opt/vpn-service
-------------------------------------------
+ ip r
default via 10.0.2.2 dev enp0s3 proto dhcp src 10.0.2.15 metric 100 
1.1.1.1 via 10.0.2.2 dev enp0s3 proto dhcp src 10.0.2.15 metric 100 
10.0.0.0/24 dev wg1 proto kernel scope link src 10.0.0.1 
10.0.2.0/24 dev enp0s3 proto kernel scope link src 10.0.2.15 metric 100 
10.0.2.2 dev enp0s3 proto dhcp scope link src 10.0.2.15 metric 100 
192.168.169.32 via 10.0.2.2 dev enp0s3 proto dhcp src 10.0.2.15 metric 100 

-------------------------------------------
TASK: Network: ping 8.8.8.8
TIME_UTC: Сб 03 янв 2026 16:50:11 UTC
HOST: Vpn-Main
REPO_ROOT: /opt/vpn-service
-------------------------------------------
+ ping -c 1 8.8.8.8
PING 8.8.8.8 (8.8.8.8) 56(84) bytes of data.
64 bytes from 8.8.8.8: icmp_seq=1 ttl=255 time=186 ms

--- 8.8.8.8 ping statistics ---
1 packets transmitted, 1 received, 0% packet loss, time 0ms
rtt min/avg/max/mdev = 186.470/186.470/186.470/0.000 ms

-------------------------------------------
TASK: WireGuard: wg show
TIME_UTC: Сб 03 янв 2026 16:50:11 UTC
HOST: Vpn-Main
REPO_ROOT: /opt/vpn-service
-------------------------------------------
+ wg show
interface: wg1
  public key: ZYXEy5Xnr+8yTjisbjgyaLGzvDBqvPtcY6A/EFEAk0U=
  private key: (hidden)
  listening port: 51820

-------------------------------------------
TASK: WireGuard: wg show dump (first 30 lines)
TIME_UTC: Сб 03 янв 2026 16:50:11 UTC
HOST: Vpn-Main
REPO_ROOT: /opt/vpn-service
-------------------------------------------
+ bash -lc wg show 'wg1' dump | head -n 30
oPRJJkT7yzF4bx1JuLtnKfQrQLfiJ3NhIkGUt+8Py2k=	ZYXEy5Xnr+8yTjisbjgyaLGzvDBqvPtcY6A/EFEAk0U=	51820	off

-------------------------------------------
TASK: Git: status
TIME_UTC: Сб 03 янв 2026 16:50:11 UTC
HOST: Vpn-Main
REPO_ROOT: /opt/vpn-service
-------------------------------------------
+ bash -lc cd '/opt/vpn-service/VpnService' && git status
bash: line 1: cd: /opt/vpn-service/VpnService: No such file or directory

-------------------------------------------
TASK: Git: fetch --all --prune
TIME_UTC: Сб 03 янв 2026 16:50:11 UTC
HOST: Vpn-Main
REPO_ROOT: /opt/vpn-service
-------------------------------------------
+ bash -lc cd '/opt/vpn-service/VpnService' && git fetch --all --prune
bash: line 1: cd: /opt/vpn-service/VpnService: No such file or directory

-------------------------------------------
TASK: Git: pull --rebase
TIME_UTC: Сб 03 янв 2026 16:50:11 UTC
HOST: Vpn-Main
REPO_ROOT: /opt/vpn-service
-------------------------------------------
+ bash -lc cd '/opt/vpn-service/VpnService' && git pull --rebase
bash: line 1: cd: /opt/vpn-service/VpnService: No such file or directory

-------------------------------------------
TASK: Git: log -5
TIME_UTC: Сб 03 янв 2026 16:50:11 UTC
HOST: Vpn-Main
REPO_ROOT: /opt/vpn-service
-------------------------------------------
+ bash -lc cd '/opt/vpn-service/VpnService' && git log -5 --oneline
bash: line 1: cd: /opt/vpn-service/VpnService: No such file or directory

-------------------------------------------
TASK: Build: dotnet --info (top)
TIME_UTC: Сб 03 янв 2026 16:50:11 UTC
HOST: Vpn-Main
REPO_ROOT: /opt/vpn-service
-------------------------------------------
+ bash -lc dotnet --info | sed -n '1,25p'
ПАКЕТ SDK ДЛЯ .NET:
 Version:           9.0.203
 Commit:            dc7acfa194
 Workload version:  9.0.200-manifests.9df47798
 MSBuild version:   17.13.20+a4ef1e90f

Среда выполнения:
 OS Name:     ubuntu
 OS Version:  24.04
 OS Platform: Linux
 RID:         linux-x64
 Base Path:   /usr/share/dotnet/sdk/9.0.203/

Установленные рабочие нагрузки .NET:
Нет установленных рабочих нагрузок для отображения.
Настроено на использование loose manifests при установке новых манифестов.

Host:
  Version:      9.0.4
  Architecture: x64
  Commit:       f57e6dc747

.NET SDKs installed:
  8.0.416 [/usr/share/dotnet/sdk]
  9.0.203 [/usr/share/dotnet/sdk]

-------------------------------------------
TASK: Build: clean
TIME_UTC: Сб 03 янв 2026 16:50:13 UTC
HOST: Vpn-Main
REPO_ROOT: /opt/vpn-service
-------------------------------------------
+ bash -lc cd '/opt/vpn-service/VpnService' && dotnet clean
bash: line 1: cd: /opt/vpn-service/VpnService: No such file or directory

-------------------------------------------
TASK: Build: remove bin/obj
TIME_UTC: Сб 03 янв 2026 16:50:13 UTC
HOST: Vpn-Main
REPO_ROOT: /opt/vpn-service
-------------------------------------------
+ bash -lc cd '/opt/vpn-service/VpnService' && find . -type d \( -name bin -o -name obj \) -prune -exec rm -rf {} +
bash: line 1: cd: /opt/vpn-service/VpnService: No such file or directory

-------------------------------------------
TASK: Build: restore
TIME_UTC: Сб 03 янв 2026 16:50:13 UTC
HOST: Vpn-Main
REPO_ROOT: /opt/vpn-service
-------------------------------------------
+ bash -lc cd '/opt/vpn-service/VpnService' && dotnet restore
bash: line 1: cd: /opt/vpn-service/VpnService: No such file or directory

-------------------------------------------
TASK: Build: build Debug
TIME_UTC: Сб 03 янв 2026 16:50:13 UTC
HOST: Vpn-Main
REPO_ROOT: /opt/vpn-service
-------------------------------------------
+ bash -lc cd '/opt/vpn-service/VpnService' && dotnet build -c Debug
bash: line 1: cd: /opt/vpn-service/VpnService: No such file or directory

-------------------------------------------
TASK: Route audit: WireGuard controllers/classes
TIME_UTC: Сб 03 янв 2026 16:50:13 UTC
HOST: Vpn-Main
REPO_ROOT: /opt/vpn-service
-------------------------------------------
+ bash -lc cd '/opt/vpn-service/VpnService' && grep -R --line-number 'class .*WireGuard' VpnService.Api/Controllers || true
bash: line 1: cd: /opt/vpn-service/VpnService: No such file or directory

-------------------------------------------
TASK: Route audit: wg routes
TIME_UTC: Сб 03 янв 2026 16:50:13 UTC
HOST: Vpn-Main
REPO_ROOT: /opt/vpn-service
-------------------------------------------
+ bash -lc cd '/opt/vpn-service/VpnService' && { grep -R --line-number 'admin/wg/state' VpnService.Api/Controllers || true;                      grep -R --line-number '\[Route' VpnService.Api/Controllers | grep -i wg || true; }
bash: line 1: cd: /opt/vpn-service/VpnService: No such file or directory

-------------------------------------------
TASK: Smoke: health
TIME_UTC: Сб 03 янв 2026 16:50:13 UTC
HOST: Vpn-Main
REPO_ROOT: /opt/vpn-service
-------------------------------------------
+ curl -sS http://localhost:5272/health
curl: (7) Failed to connect to localhost port 5272 after 0 ms: Couldn't connect to server

-------------------------------------------
TASK: Smoke: login and token
TIME_UTC: Сб 03 янв 2026 16:50:13 UTC
HOST: Vpn-Main
REPO_ROOT: /opt/vpn-service
-------------------------------------------
[0;31mERROR:[0m access token is empty. Check /api/v1/auth/login and API logs.
Hint: verify LoginRequest DTO and credentials.
