----------------------------------------------------------------
>>> Stage 3.5 — DESIRED (DB) dump (read-only)
----------------------------------------------------------------
----------------------------------------------------------------
>>> Load app DB env
----------------------------------------------------------------
+ CMD: bash -lc 
    cd '/opt/vpn-service'
    source scripts/lib/appdb.sh
    load_app_db_env '/opt/vpn-service/infra/local/app-db.env'
    echo "PG_DATABASE=$PG_DATABASE PG_USER=$PG_USER PG_HOST=$PG_HOST PG_PORT=$PG_PORT PG_PASSWORD=${PG_PASSWORD:+SET}"
  
PG_DATABASE=vpnservice PG_USER=vpnservice PG_HOST=127.0.0.1 PG_PORT=5432 PG_PASSWORD=SET
STATUS: OK (exit=0)
----------------------------------------------------------------
>>> Detect schema capability (allowed_ips/endpoint/keepalive)
----------------------------------------------------------------
CAPS has_allowed=0 has_endpoint=0 has_keepalive=0
----------------------------------------------------------------
>>> Source table: public."VpnPeers" (PublicKey)
----------------------------------------------------------------
----------------------------------------------------------------
>>> Export desired TSV (incomplete allowed data if not present in DB)
----------------------------------------------------------------
+ CMD: bash -lc 
    set -Eeuo pipefail
    cd '/opt/vpn-service'
    source scripts/lib/appdb.sh
    load_app_db_env '/opt/vpn-service/infra/local/app-db.env'
    psql_app -AtF $'	' -c "
      select
        \"PublicKey\"::text as public_key,
        ''::text as allowed_ips,
        ''::text as endpoint,
        ''::text as keepalive,
        1 as enabled
      from public.\"VpnPeers\"
      order by \"PublicKey\";
    " > '/opt/vpn-service/reports/stage35_desired_2026-01-06_14-27-55.tsv'
    wc -l '/opt/vpn-service/reports/stage35_desired_2026-01-06_14-27-55.tsv'
  
0 /opt/vpn-service/reports/stage35_desired_2026-01-06_14-27-55.tsv
STATUS: OK (exit=0)
----------------------------------------------------------------
>>> Summary
----------------------------------------------------------------
DESIRED_TABLE=public."VpnPeers"
DESIRED_FILE=/opt/vpn-service/reports/stage35_desired_2026-01-06_14-27-55.tsv
INCOMPLETE_DESIRED=YES
NOTE=DB has no allowed_ips columns anywhere; Stage 3.5 will run in REMOVE-ONLY safe mode.
