-------------------------------------------
TASK: Postgres: docker compose up
TIME_UTC: Пн 05 янв 2026 09:35:29 UTC
HOST: Vpn-Main
REPO_ROOT: /opt/vpn-service
-------------------------------------------
+ docker compose --env-file /opt/vpn-service/infra/postgres/.env -f /opt/vpn-service/infra/postgres/docker-compose.yml up -d
time="2026-01-05T09:35:29Z" level=warning msg="/opt/vpn-service/infra/postgres/docker-compose.yml: the attribute `version` is obsolete, it will be ignored, please remove it to avoid potential confusion"
 Image postgres:16 Pulling 
 19a4bd73b5b6 Pulling fs layer 
 31172abd8f4a Pulling fs layer 
 74ee42a72ba8 Pulling fs layer 
 02d7611c4eae Pulling fs layer 
 2809b03b8187 Pulling fs layer 
 be56d59d6531 Pulling fs layer 
 ff1a91754d0b Pulling fs layer 
 6b79f2b29884 Pulling fs layer 
 5773fb4a9d72 Pulling fs layer 
 7f53036964f1 Pulling fs layer 
 3efabc308a47 Pulling fs layer 
 c3ce0464f73e Pulling fs layer 
 08375b6eb817 Pulling fs layer 
 592e7afa2092 Pulling fs layer 
 b7fdfc5c4d3f Download complete 
 be56d59d6531 Downloading [==================================================>]  1.165kB/1.165kB
 592e7afa2092 Download complete 
 be56d59d6531 Download complete 
 19a4bd73b5b6 Downloading [==================================================>]     186B/186B
 19a4bd73b5b6 Download complete 
 31172abd8f4a Download complete 
 3efabc308a47 Downloading [==================================================>]  5.835kB/5.835kB
 2809b03b8187 Download complete 
 ff1a91754d0b Download complete 
 5773fb4a9d72 Download complete 
 3efabc308a47 Download complete 
 0338d19728f2 Downloading [=========>                                         ]  1.049MB/5.708MB
 0338d19728f2 Downloading [=========>                                         ]  1.049MB/5.708MB
 0338d19728f2 Downloading [=========>                                         ]  1.049MB/5.708MB
 0338d19728f2 Downloading [=========>                                         ]  1.049MB/5.708MB
 0338d19728f2 Downloading [=========>                                         ]  1.049MB/5.708MB
 0338d19728f2 Downloading [=========>                                         ]  1.049MB/5.708MB
 0338d19728f2 Downloading [=========>                                         ]  1.049MB/5.708MB
 0338d19728f2 Downloading [=========>                                         ]  1.049MB/5.708MB
 0338d19728f2 Downloading [=========>                                         ]  1.049MB/5.708MB
 0338d19728f2 Downloading [==================>                                ]  2.097MB/5.708MB
 0338d19728f2 Downloading [==================>                                ]  2.097MB/5.708MB
 02d7611c4eae Downloading [=>                                                 ]  1.049MB/29.78MB
 0338d19728f2 Downloading [==================>                                ]  2.097MB/5.708MB
 02d7611c4eae Downloading [=>                                                 ]  1.049MB/29.78MB
 0338d19728f2 Downloading [==================>                                ]  2.097MB/5.708MB
 02d7611c4eae Downloading [=>                                                 ]  1.049MB/29.78MB
 0338d19728f2 Downloading [==================>                                ]  2.097MB/5.708MB
 08375b6eb817 Downloading [=======================================>           ]  1.049MB/1.311MB
 02d7611c4eae Downloading [=>                                                 ]  1.049MB/29.78MB
 0338d19728f2 Downloading [=======================>                           ]  2.638MB/5.708MB
 c3ce0464f73e Downloading [======>                                            ]  1.049MB/8.204MB
 0338d19728f2 Downloading [===========================>                       ]  3.146MB/5.708MB
 c3ce0464f73e Downloading [======>                                            ]  1.049MB/8.204MB
 08375b6eb817 Downloading [=======================================>           ]  1.049MB/1.311MB
 02d7611c4eae Downloading [=>                                                 ]  1.049MB/29.78MB
 02d7611c4eae Downloading [=>                                                 ]  1.049MB/29.78MB
 6b79f2b29884 Downloading [========>                                          ]  1.049MB/6.437MB
 0338d19728f2 Downloading [===========================>                       ]  3.146MB/5.708MB
 c3ce0464f73e Downloading [======>                                            ]  1.049MB/8.204MB
 08375b6eb817 Downloading [==================================================>]  1.311MB/1.311MB
 02d7611c4eae Downloading [=>                                                 ]  1.049MB/29.78MB
 6b79f2b29884 Downloading [========>                                          ]  1.049MB/6.437MB
 0338d19728f2 Downloading [===========================>                       ]  3.146MB/5.708MB
 c3ce0464f73e Downloading [======>                                            ]  1.049MB/8.204MB
 08375b6eb817 Download complete 
 0338d19728f2 Downloading [===========================>                       ]  3.146MB/5.708MB
 c3ce0464f73e Downloading [======>                                            ]  1.049MB/8.204MB
 02d7611c4eae Downloading [===>                                               ]  2.097MB/29.78MB
 6b79f2b29884 Downloading [========>                                          ]  1.049MB/6.437MB
 02d7611c4eae Downloading [===>                                               ]  2.097MB/29.78MB
 6b79f2b29884 Downloading [========>                                          ]  1.049MB/6.437MB
 0338d19728f2 Downloading [===========================>                       ]  3.146MB/5.708MB
 c3ce0464f73e Downloading [======>                                            ]  1.049MB/8.204MB
 c3ce0464f73e Downloading [======>                                            ]  1.069MB/8.204MB
 02d7611c4eae Downloading [===>                                               ]  2.097MB/29.78MB
 6b79f2b29884 Downloading [========>                                          ]  1.049MB/6.437MB
 0338d19728f2 Downloading [===========================>                       ]  3.146MB/5.708MB
 02d7611c4eae Downloading [===>                                               ]  2.097MB/29.78MB
 6b79f2b29884 Downloading [========>                                          ]  1.049MB/6.437MB
 0338d19728f2 Downloading [===========================>                       ]  3.146MB/5.708MB
 c3ce0464f73e Downloading [============>                                      ]  2.097MB/8.204MB
 74ee42a72ba8 Downloading [>                                                  ]  1.049MB/113.1MB
 02d7611c4eae Downloading [===>                                               ]  2.097MB/29.78MB
 6b79f2b29884 Downloading [========>                                          ]  1.049MB/6.437MB
 0338d19728f2 Downloading [===========================>                       ]  3.146MB/5.708MB
 c3ce0464f73e Downloading [============>                                      ]  2.097MB/8.204MB
 74ee42a72ba8 Downloading [>                                                  ]  1.049MB/113.1MB
 02d7611c4eae Downloading [===>                                               ]  2.097MB/29.78MB
 6b79f2b29884 Downloading [========>                                          ]  1.049MB/6.437MB
 0338d19728f2 Downloading [===========================>                       ]  3.146MB/5.708MB
 c3ce0464f73e Downloading [============>                                      ]  2.097MB/8.204MB
 74ee42a72ba8 Downloading [>                                                  ]  1.049MB/113.1MB
 02d7611c4eae Downloading [===>                                               ]  2.097MB/29.78MB
 6b79f2b29884 Downloading [========>                                          ]  1.049MB/6.437MB
 0338d19728f2 Downloading [===========================>                       ]  3.146MB/5.708MB
 c3ce0464f73e Downloading [============>                                      ]  2.097MB/8.204MB
 0338d19728f2 Downloading [====================================>              ]  4.194MB/5.708MB
 c3ce0464f73e Downloading [============>                                      ]  2.097MB/8.204MB
 74ee42a72ba8 Downloading [>                                                  ]  1.049MB/113.1MB
 02d7611c4eae Downloading [===>                                               ]  2.097MB/29.78MB
 6b79f2b29884 Downloading [========>                                          ]  1.049MB/6.437MB
 c3ce0464f73e Downloading [============>                                      ]  2.097MB/8.204MB
 74ee42a72ba8 Downloading [>                                                  ]  1.049MB/113.1MB
 02d7611c4eae Downloading [=====>                                             ]  3.146MB/29.78MB
 6b79f2b29884 Downloading [========>                                          ]  1.049MB/6.437MB
 0338d19728f2 Downloading [====================================>              ]  4.194MB/5.708MB
 74ee42a72ba8 Downloading [>                                                  ]  1.049MB/113.1MB
 02d7611c4eae Downloading [=====>                                             ]  3.146MB/29.78MB
 6b79f2b29884 Downloading [========>                                          ]  1.049MB/6.437MB
 0338d19728f2 Downloading [====================================>              ]  4.194MB/5.708MB
 c3ce0464f73e Downloading [===================>                               ]  3.146MB/8.204MB
 74ee42a72ba8 Downloading [>                                                  ]  1.049MB/113.1MB
 02d7611c4eae Downloading [=====>                                             ]  3.146MB/29.78MB
 6b79f2b29884 Downloading [========>                                          ]  1.049MB/6.437MB
 0338d19728f2 Downloading [====================================>              ]  4.194MB/5.708MB
 c3ce0464f73e Downloading [===================>                               ]  3.146MB/8.204MB
 0338d19728f2 Downloading [====================================>              ]  4.194MB/5.708MB
 c3ce0464f73e Downloading [===================>                               ]  3.146MB/8.204MB
 74ee42a72ba8 Downloading [>                                                  ]  1.049MB/113.1MB
 02d7611c4eae Downloading [=====>                                             ]  3.146MB/29.78MB
 6b79f2b29884 Downloading [========>                                          ]  1.049MB/6.437MB
 74ee42a72ba8 Downloading [>                                                  ]  1.049MB/113.1MB
 02d7611c4eae Downloading [=====>                                             ]  3.146MB/29.78MB
 6b79f2b29884 Downloading [================>                                  ]  2.097MB/6.437MB
 0338d19728f2 Downloading [====================================>              ]  4.194MB/5.708MB
 c3ce0464f73e Downloading [===================>                               ]  3.146MB/8.204MB
 0338d19728f2 Downloading [====================================>              ]  4.194MB/5.708MB
 c3ce0464f73e Downloading [===================>                               ]  3.146MB/8.204MB
 74ee42a72ba8 Downloading [>                                                  ]  1.049MB/113.1MB
 02d7611c4eae Downloading [=====>                                             ]  3.146MB/29.78MB
 6b79f2b29884 Downloading [================>                                  ]  2.097MB/6.437MB
 6b79f2b29884 Downloading [================>                                  ]  2.097MB/6.437MB
 0338d19728f2 Downloading [=============================================>     ]  5.243MB/5.708MB
 c3ce0464f73e Downloading [===================>                               ]  3.146MB/8.204MB
 74ee42a72ba8 Downloading [>                                                  ]  1.049MB/113.1MB
 02d7611c4eae Downloading [=====>                                             ]  3.146MB/29.78MB
 74ee42a72ba8 Downloading [>                                                  ]  1.049MB/113.1MB
 02d7611c4eae Downloading [======>                                            ]  4.166MB/29.78MB
 6b79f2b29884 Downloading [================>                                  ]  2.097MB/6.437MB
 0338d19728f2 Downloading [=============================================>     ]  5.243MB/5.708MB
 c3ce0464f73e Downloading [===================>                               ]  3.146MB/8.204MB
 74ee42a72ba8 Downloading [>                                                  ]  1.049MB/113.1MB
 02d7611c4eae Downloading [=======>                                           ]  4.194MB/29.78MB
 6b79f2b29884 Downloading [================>                                  ]  2.097MB/6.437MB
 0338d19728f2 Downloading [=============================================>     ]  5.243MB/5.708MB
 c3ce0464f73e Downloading [===================>                               ]  3.146MB/8.204MB
 c3ce0464f73e Downloading [===================>                               ]  3.146MB/8.204MB
 74ee42a72ba8 Downloading [>                                                  ]  1.049MB/113.1MB
 02d7611c4eae Downloading [=======>                                           ]  4.194MB/29.78MB
 6b79f2b29884 Downloading [================>                                  ]  2.097MB/6.437MB
 0338d19728f2 Downloading [==================================================>]  5.708MB/5.708MB
 0338d19728f2 Download complete 
 c3ce0464f73e Downloading [=========================>                         ]  4.194MB/8.204MB
 74ee42a72ba8 Downloading [>                                                  ]  1.049MB/113.1MB
 02d7611c4eae Downloading [=======>                                           ]  4.194MB/29.78MB
 6b79f2b29884 Downloading [================>                                  ]  2.097MB/6.437MB
 c3ce0464f73e Downloading [=========================>                         ]  4.194MB/8.204MB
 74ee42a72ba8 Downloading [>                                                  ]  1.049MB/113.1MB
 02d7611c4eae Downloading [=======>                                           ]  4.194MB/29.78MB
 6b79f2b29884 Downloading [================>                                  ]  2.097MB/6.437MB
 74ee42a72ba8 Downloading [>                                                  ]  1.049MB/113.1MB
 02d7611c4eae Downloading [=======>                                           ]  4.194MB/29.78MB
 6b79f2b29884 Downloading [================>                                  ]  2.097MB/6.437MB
 c3ce0464f73e Downloading [=========================>                         ]  4.194MB/8.204MB
 74ee42a72ba8 Downloading [>                                                  ]  1.049MB/113.1MB
 02d7611c4eae Downloading [=======>                                           ]  4.194MB/29.78MB
 6b79f2b29884 Downloading [======================>                            ]  2.937MB/6.437MB
 c3ce0464f73e Downloading [=========================>                         ]  4.194MB/8.204MB
 c3ce0464f73e Downloading [=========================>                         ]  4.194MB/8.204MB
 74ee42a72ba8 Downloading [>                                                  ]  2.097MB/113.1MB
 02d7611c4eae Downloading [=======>                                           ]  4.194MB/29.78MB
 6b79f2b29884 Downloading [========================>                          ]  3.146MB/6.437MB
 74ee42a72ba8 Downloading [>                                                  ]  2.097MB/113.1MB
 02d7611c4eae Downloading [=======>                                           ]  4.194MB/29.78MB
 6b79f2b29884 Downloading [========================>                          ]  3.146MB/6.437MB
 c3ce0464f73e Downloading [==========================>                        ]  4.375MB/8.204MB
 c3ce0464f73e Downloading [===============================>                   ]  5.243MB/8.204MB
 74ee42a72ba8 Downloading [>                                                  ]  2.097MB/113.1MB
 02d7611c4eae Downloading [========>                                          ]  5.243MB/29.78MB
 6b79f2b29884 Downloading [========================>                          ]  3.146MB/6.437MB
 c3ce0464f73e Downloading [===============================>                   ]  5.243MB/8.204MB
 74ee42a72ba8 Downloading [>                                                  ]  2.097MB/113.1MB
 02d7611c4eae Downloading [========>                                          ]  5.243MB/29.78MB
 6b79f2b29884 Downloading [========================>                          ]  3.146MB/6.437MB
 74ee42a72ba8 Downloading [>                                                  ]  2.097MB/113.1MB
 02d7611c4eae Downloading [========>                                          ]  5.243MB/29.78MB
 6b79f2b29884 Downloading [========================>                          ]  3.146MB/6.437MB
 c3ce0464f73e Downloading [===============================>                   ]  5.243MB/8.204MB
 c3ce0464f73e Downloading [===============================>                   ]  5.243MB/8.204MB
 74ee42a72ba8 Downloading [>                                                  ]  2.097MB/113.1MB
 02d7611c4eae Downloading [========>                                          ]  5.243MB/29.78MB
 6b79f2b29884 Downloading [========================>                          ]  3.146MB/6.437MB
 c3ce0464f73e Downloading [===============================>                   ]  5.243MB/8.204MB
 74ee42a72ba8 Downloading [>                                                  ]  2.097MB/113.1MB
 02d7611c4eae Downloading [========>                                          ]  5.243MB/29.78MB
 6b79f2b29884 Downloading [========================>                          ]  3.146MB/6.437MB
 c3ce0464f73e Downloading [===============================>                   ]  5.243MB/8.204MB
 74ee42a72ba8 Downloading [>                                                  ]  2.097MB/113.1MB
 02d7611c4eae Downloading [========>                                          ]  5.243MB/29.78MB
 6b79f2b29884 Downloading [========================>                          ]  3.146MB/6.437MB
 74ee42a72ba8 Downloading [>                                                  ]  2.097MB/113.1MB
 02d7611c4eae Downloading [========>                                          ]  5.243MB/29.78MB
 6b79f2b29884 Downloading [================================>                  ]  4.194MB/6.437MB
 c3ce0464f73e Downloading [======================================>            ]  6.291MB/8.204MB
 7f53036964f1 Downloading [=========================================>         ]  1.049MB/1.257MB
 c3ce0464f73e Downloading [======================================>            ]  6.291MB/8.204MB
 74ee42a72ba8 Downloading [>                                                  ]  2.097MB/113.1MB
 02d7611c4eae Downloading [==========>                                        ]  6.291MB/29.78MB
 6b79f2b29884 Downloading [================================>                  ]  4.194MB/6.437MB
 74ee42a72ba8 Downloading [>                                                  ]  2.097MB/113.1MB
 02d7611c4eae Downloading [==========>                                        ]  6.291MB/29.78MB
 6b79f2b29884 Downloading [================================>                  ]  4.194MB/6.437MB
 7f53036964f1 Downloading [=========================================>         ]  1.049MB/1.257MB
 c3ce0464f73e Downloading [======================================>            ]  6.291MB/8.204MB
 7f53036964f1 Downloading [=========================================>         ]  1.049MB/1.257MB
 c3ce0464f73e Downloading [======================================>            ]  6.291MB/8.204MB
 74ee42a72ba8 Downloading [>                                                  ]  2.097MB/113.1MB
 02d7611c4eae Downloading [==========>                                        ]  6.291MB/29.78MB
 6b79f2b29884 Downloading [================================>                  ]  4.194MB/6.437MB
 02d7611c4eae Downloading [==========>                                        ]  6.291MB/29.78MB
 6b79f2b29884 Downloading [================================>                  ]  4.194MB/6.437MB
 7f53036964f1 Downloading [=========================================>         ]  1.049MB/1.257MB
 c3ce0464f73e Downloading [======================================>            ]  6.291MB/8.204MB
 74ee42a72ba8 Downloading [>                                                  ]  2.097MB/113.1MB
 74ee42a72ba8 Downloading [>                                                  ]  2.097MB/113.1MB
 02d7611c4eae Downloading [==========>                                        ]  6.291MB/29.78MB
 6b79f2b29884 Downloading [================================>                  ]  4.194MB/6.437MB
 7f53036964f1 Download complete 
 c3ce0464f73e Downloading [======================================>            ]  6.291MB/8.204MB
 c3ce0464f73e Downloading [======================================>            ]  6.291MB/8.204MB
 74ee42a72ba8 Downloading [>                                                  ]  2.097MB/113.1MB
 02d7611c4eae Downloading [==========>                                        ]  6.291MB/29.78MB
 6b79f2b29884 Downloading [================================>                  ]  4.194MB/6.437MB
 74ee42a72ba8 Downloading [>                                                  ]  2.097MB/113.1MB
 02d7611c4eae Downloading [==========>                                        ]  6.291MB/29.78MB
 6b79f2b29884 Downloading [================================>                  ]  4.194MB/6.437MB
 c3ce0464f73e Downloading [======================================>            ]  6.291MB/8.204MB
 c3ce0464f73e Downloading [======================================>            ]  6.291MB/8.204MB
 74ee42a72ba8 Downloading [>                                                  ]  2.097MB/113.1MB
 02d7611c4eae Downloading [==========>                                        ]  6.291MB/29.78MB
 6b79f2b29884 Downloading [================================>                  ]  4.194MB/6.437MB
 74ee42a72ba8 Downloading [>                                                  ]  2.097MB/113.1MB
 02d7611c4eae Downloading [==========>                                        ]  6.291MB/29.78MB
 6b79f2b29884 Downloading [================================>                  ]  4.194MB/6.437MB
 c3ce0464f73e Downloading [======================================>            ]  6.291MB/8.204MB
 c3ce0464f73e Downloading [============================================>      ]   7.34MB/8.204MB
 74ee42a72ba8 Downloading [=>                                                 ]  3.146MB/113.1MB
 02d7611c4eae Downloading [===========>                                       ]  6.832MB/29.78MB
 6b79f2b29884 Downloading [========================================>          ]  5.243MB/6.437MB
 c3ce0464f73e Downloading [============================================>      ]   7.34MB/8.204MB
 74ee42a72ba8 Downloading [=>                                                 ]  3.146MB/113.1MB
 02d7611c4eae Downloading [============>                                      ]   7.34MB/29.78MB
 6b79f2b29884 Downloading [========================================>          ]  5.243MB/6.437MB
 74ee42a72ba8 Downloading [=>                                                 ]  3.146MB/113.1MB
 02d7611c4eae Downloading [============>                                      ]   7.34MB/29.78MB
 6b79f2b29884 Downloading [========================================>          ]  5.243MB/6.437MB
 c3ce0464f73e Downloading [============================================>      ]   7.34MB/8.204MB
 6b79f2b29884 Downloading [========================================>          ]  5.243MB/6.437MB
 c3ce0464f73e Download complete 
 74ee42a72ba8 Downloading [=>                                                 ]  3.146MB/113.1MB
 02d7611c4eae Downloading [==============>                                    ]  8.389MB/29.78MB
 6b79f2b29884 Downloading [========================================>          ]  5.243MB/6.437MB
 74ee42a72ba8 Downloading [=>                                                 ]  3.146MB/113.1MB
 02d7611c4eae Downloading [==============>                                    ]  8.389MB/29.78MB
 74ee42a72ba8 Downloading [=>                                                 ]  3.146MB/113.1MB
 02d7611c4eae Downloading [==============>                                    ]  8.389MB/29.78MB
 6b79f2b29884 Downloading [========================================>          ]  5.243MB/6.437MB
 74ee42a72ba8 Downloading [=>                                                 ]  3.146MB/113.1MB
 02d7611c4eae Downloading [==============>                                    ]  8.389MB/29.78MB
 6b79f2b29884 Downloading [================================================>  ]  6.291MB/6.437MB
 74ee42a72ba8 Downloading [=>                                                 ]  3.146MB/113.1MB
 02d7611c4eae Downloading [==============>                                    ]  8.389MB/29.78MB
 6b79f2b29884 Download complete 
 74ee42a72ba8 Downloading [=>                                                 ]  3.146MB/113.1MB
 02d7611c4eae Downloading [===============>                                   ]  9.437MB/29.78MB
 74ee42a72ba8 Downloading [=>                                                 ]  4.194MB/113.1MB
 02d7611c4eae Downloading [===============>                                   ]  9.437MB/29.78MB
 74ee42a72ba8 Downloading [=>                                                 ]  4.194MB/113.1MB
 02d7611c4eae Downloading [===============>                                   ]  9.437MB/29.78MB
 74ee42a72ba8 Downloading [=>                                                 ]  4.194MB/113.1MB
 02d7611c4eae Downloading [===============>                                   ]  9.437MB/29.78MB
 74ee42a72ba8 Downloading [=>                                                 ]  4.194MB/113.1MB
 02d7611c4eae Downloading [===============>                                   ]  9.437MB/29.78MB
 74ee42a72ba8 Downloading [=>                                                 ]  4.194MB/113.1MB
 02d7611c4eae Downloading [=================>                                 ]  10.34MB/29.78MB
 74ee42a72ba8 Downloading [=>                                                 ]  4.194MB/113.1MB
 02d7611c4eae Downloading [=================>                                 ]  10.49MB/29.78MB
 74ee42a72ba8 Downloading [=>                                                 ]  4.194MB/113.1MB
 02d7611c4eae Downloading [=================>                                 ]  10.49MB/29.78MB
 74ee42a72ba8 Downloading [=>                                                 ]  4.194MB/113.1MB
 02d7611c4eae Downloading [=================>                                 ]  10.49MB/29.78MB
 74ee42a72ba8 Downloading [=>                                                 ]  4.194MB/113.1MB
 02d7611c4eae Downloading [=================>                                 ]  10.49MB/29.78MB
 74ee42a72ba8 Downloading [=>                                                 ]  4.194MB/113.1MB
 02d7611c4eae Downloading [===================>                               ]  11.53MB/29.78MB
 74ee42a72ba8 Downloading [=>                                                 ]  4.194MB/113.1MB
 02d7611c4eae Downloading [===================>                               ]  11.53MB/29.78MB
 02d7611c4eae Downloading [===================>                               ]  11.53MB/29.78MB
 74ee42a72ba8 Downloading [==>                                                ]  5.243MB/113.1MB
 74ee42a72ba8 Downloading [==>                                                ]  5.243MB/113.1MB
 02d7611c4eae Downloading [===================>                               ]  11.53MB/29.78MB
 74ee42a72ba8 Downloading [==>                                                ]  5.243MB/113.1MB
 02d7611c4eae Downloading [=====================>                             ]  12.58MB/29.78MB
 74ee42a72ba8 Downloading [==>                                                ]  5.243MB/113.1MB
 02d7611c4eae Downloading [=====================>                             ]  12.58MB/29.78MB
 74ee42a72ba8 Downloading [==>                                                ]  5.243MB/113.1MB
 02d7611c4eae Downloading [=====================>                             ]  12.58MB/29.78MB
 74ee42a72ba8 Downloading [==>                                                ]  5.243MB/113.1MB
 02d7611c4eae Downloading [=====================>                             ]  12.58MB/29.78MB
 74ee42a72ba8 Downloading [==>                                                ]  5.243MB/113.1MB
 02d7611c4eae Downloading [======================>                            ]  13.63MB/29.78MB
 74ee42a72ba8 Downloading [==>                                                ]  5.243MB/113.1MB
 02d7611c4eae Downloading [======================>                            ]  13.63MB/29.78MB
 74ee42a72ba8 Downloading [==>                                                ]  5.243MB/113.1MB
 02d7611c4eae Downloading [======================>                            ]  13.63MB/29.78MB
 74ee42a72ba8 Downloading [==>                                                ]  6.291MB/113.1MB
 02d7611c4eae Downloading [=======================>                           ]  14.18MB/29.78MB
 74ee42a72ba8 Downloading [==>                                                ]  6.291MB/113.1MB
 02d7611c4eae Downloading [========================>                          ]  14.68MB/29.78MB
 74ee42a72ba8 Downloading [==>                                                ]  6.291MB/113.1MB
 02d7611c4eae Downloading [========================>                          ]  14.68MB/29.78MB
 74ee42a72ba8 Downloading [==>                                                ]  6.291MB/113.1MB
 02d7611c4eae Downloading [========================>                          ]  14.68MB/29.78MB
 74ee42a72ba8 Downloading [==>                                                ]  6.291MB/113.1MB
 02d7611c4eae Downloading [==========================>                        ]  15.73MB/29.78MB
 74ee42a72ba8 Downloading [==>                                                ]  6.291MB/113.1MB
 02d7611c4eae Downloading [==========================>                        ]  15.73MB/29.78MB
 74ee42a72ba8 Downloading [==>                                                ]  6.291MB/113.1MB
 02d7611c4eae Downloading [==========================>                        ]  15.73MB/29.78MB
 74ee42a72ba8 Downloading [==>                                                ]  6.291MB/113.1MB
 02d7611c4eae Downloading [==========================>                        ]  15.73MB/29.78MB
 74ee42a72ba8 Downloading [==>                                                ]  6.291MB/113.1MB
 02d7611c4eae Downloading [==========================>                        ]  15.73MB/29.78MB
 74ee42a72ba8 Downloading [==>                                                ]  6.291MB/113.1MB
 02d7611c4eae Downloading [==========================>                        ]  15.73MB/29.78MB
 74ee42a72ba8 Downloading [===>                                               ]   7.34MB/113.1MB
 02d7611c4eae Downloading [============================>                      ]  16.78MB/29.78MB
 74ee42a72ba8 Downloading [===>                                               ]   7.34MB/113.1MB
 02d7611c4eae Downloading [============================>                      ]  16.78MB/29.78MB
 74ee42a72ba8 Downloading [===>                                               ]   7.34MB/113.1MB
 02d7611c4eae Downloading [============================>                      ]  16.78MB/29.78MB
 74ee42a72ba8 Downloading [===>                                               ]   7.34MB/113.1MB
 02d7611c4eae Downloading [============================>                      ]  16.78MB/29.78MB
 74ee42a72ba8 Downloading [===>                                               ]   7.34MB/113.1MB
 02d7611c4eae Downloading [=============================>                     ]  17.83MB/29.78MB
 74ee42a72ba8 Downloading [===>                                               ]   7.34MB/113.1MB
 02d7611c4eae Downloading [=============================>                     ]  17.83MB/29.78MB
 74ee42a72ba8 Downloading [===>                                               ]   7.34MB/113.1MB
 02d7611c4eae Downloading [=============================>                     ]  17.83MB/29.78MB
 74ee42a72ba8 Downloading [===>                                               ]   7.34MB/113.1MB
 02d7611c4eae Downloading [===============================>                   ]  18.87MB/29.78MB
 74ee42a72ba8 Downloading [===>                                               ]  8.389MB/113.1MB
 02d7611c4eae Downloading [===============================>                   ]  18.87MB/29.78MB
 74ee42a72ba8 Downloading [===>                                               ]  8.389MB/113.1MB
 02d7611c4eae Downloading [===============================>                   ]  18.87MB/29.78MB
 74ee42a72ba8 Downloading [===>                                               ]  8.389MB/113.1MB
 02d7611c4eae Downloading [=================================>                 ]  19.92MB/29.78MB
 74ee42a72ba8 Downloading [===>                                               ]  8.389MB/113.1MB
 02d7611c4eae Downloading [=================================>                 ]  19.92MB/29.78MB
 74ee42a72ba8 Downloading [===>                                               ]  8.389MB/113.1MB
 02d7611c4eae Downloading [=================================>                 ]  19.92MB/29.78MB
 74ee42a72ba8 Downloading [===>                                               ]  8.389MB/113.1MB
 02d7611c4eae Downloading [===================================>               ]  20.97MB/29.78MB
 74ee42a72ba8 Downloading [===>                                               ]  8.389MB/113.1MB
 02d7611c4eae Downloading [===================================>               ]  20.97MB/29.78MB
 74ee42a72ba8 Downloading [===>                                               ]  8.389MB/113.1MB
 02d7611c4eae Downloading [===================================>               ]  20.97MB/29.78MB
 74ee42a72ba8 Downloading [====>                                              ]  9.437MB/113.1MB
 02d7611c4eae Downloading [====================================>              ]  22.02MB/29.78MB
 74ee42a72ba8 Downloading [====>                                              ]  9.437MB/113.1MB
 02d7611c4eae Downloading [====================================>              ]  22.02MB/29.78MB
 74ee42a72ba8 Downloading [====>                                              ]  9.437MB/113.1MB
 02d7611c4eae Downloading [======================================>            ]  23.07MB/29.78MB
 74ee42a72ba8 Downloading [====>                                              ]  9.437MB/113.1MB
 02d7611c4eae Downloading [======================================>            ]  23.07MB/29.78MB
 74ee42a72ba8 Downloading [====>                                              ]  9.437MB/113.1MB
 02d7611c4eae Downloading [======================================>            ]  23.07MB/29.78MB
 74ee42a72ba8 Downloading [====>                                              ]  9.437MB/113.1MB
 02d7611c4eae Downloading [========================================>          ]  24.12MB/29.78MB
 74ee42a72ba8 Downloading [====>                                              ]  10.49MB/113.1MB
 02d7611c4eae Downloading [========================================>          ]  24.12MB/29.78MB
 74ee42a72ba8 Downloading [====>                                              ]  10.49MB/113.1MB
 02d7611c4eae Downloading [========================================>          ]  24.12MB/29.78MB
 74ee42a72ba8 Downloading [====>                                              ]  10.49MB/113.1MB
 02d7611c4eae Downloading [========================================>          ]  24.12MB/29.78MB
 74ee42a72ba8 Downloading [====>                                              ]  10.49MB/113.1MB
 02d7611c4eae Downloading [==========================================>        ]  25.17MB/29.78MB
 74ee42a72ba8 Downloading [====>                                              ]  10.49MB/113.1MB
 02d7611c4eae Downloading [==========================================>        ]  25.17MB/29.78MB
 74ee42a72ba8 Downloading [====>                                              ]  10.49MB/113.1MB
 02d7611c4eae Downloading [==========================================>        ]  25.17MB/29.78MB
 74ee42a72ba8 Downloading [====>                                              ]  10.49MB/113.1MB
 02d7611c4eae Downloading [============================================>      ]  26.21MB/29.78MB
 74ee42a72ba8 Downloading [=====>                                             ]  11.53MB/113.1MB
 02d7611c4eae Downloading [============================================>      ]  26.21MB/29.78MB
 74ee42a72ba8 Downloading [=====>                                             ]  11.53MB/113.1MB
 02d7611c4eae Downloading [=============================================>     ]  27.26MB/29.78MB
 74ee42a72ba8 Downloading [=====>                                             ]  11.53MB/113.1MB
 02d7611c4eae Downloading [=============================================>     ]  27.26MB/29.78MB
 74ee42a72ba8 Downloading [=====>                                             ]  11.53MB/113.1MB
 02d7611c4eae Downloading [=============================================>     ]  27.26MB/29.78MB
 74ee42a72ba8 Downloading [=====>                                             ]  11.53MB/113.1MB
 02d7611c4eae Downloading [=============================================>     ]  27.26MB/29.78MB
 74ee42a72ba8 Downloading [=====>                                             ]  11.53MB/113.1MB
 02d7611c4eae Downloading [=============================================>     ]  27.26MB/29.78MB
 74ee42a72ba8 Downloading [=====>                                             ]  11.53MB/113.1MB
 02d7611c4eae Downloading [=================================================> ]  29.36MB/29.78MB
 74ee42a72ba8 Downloading [=====>                                             ]  11.53MB/113.1MB
 74ee42a72ba8 Downloading [=====>                                             ]  12.58MB/113.1MB
 02d7611c4eae Download complete 
 02d7611c4eae Extracting 1 s
 74ee42a72ba8 Downloading [=====>                                             ]  12.58MB/113.1MB
 02d7611c4eae Extracting 1 s
 74ee42a72ba8 Downloading [=====>                                             ]  12.58MB/113.1MB
 02d7611c4eae Extracting 1 s
 74ee42a72ba8 Downloading [=====>                                             ]  12.58MB/113.1MB
 02d7611c4eae Extracting 1 s
 74ee42a72ba8 Downloading [=====>                                             ]  12.58MB/113.1MB
 02d7611c4eae Extracting 1 s
 74ee42a72ba8 Downloading [=====>                                             ]  12.58MB/113.1MB
 02d7611c4eae Extracting 1 s
 74ee42a72ba8 Downloading [======>                                            ]  13.63MB/113.1MB
 02d7611c4eae Extracting 1 s
 74ee42a72ba8 Downloading [======>                                            ]  13.63MB/113.1MB
 02d7611c4eae Extracting 1 s
 74ee42a72ba8 Downloading [======>                                            ]  13.63MB/113.1MB
 02d7611c4eae Extracting 1 s
 74ee42a72ba8 Downloading [======>                                            ]  13.63MB/113.1MB
 02d7611c4eae Extracting 1 s
 74ee42a72ba8 Downloading [======>                                            ]  13.63MB/113.1MB
 02d7611c4eae Extracting 1 s
 74ee42a72ba8 Downloading [======>                                            ]  14.68MB/113.1MB
 02d7611c4eae Extracting 2 s
 74ee42a72ba8 Downloading [======>                                            ]  14.68MB/113.1MB
 02d7611c4eae Extracting 2 s
 74ee42a72ba8 Downloading [======>                                            ]  14.68MB/113.1MB
 02d7611c4eae Extracting 2 s
 74ee42a72ba8 Downloading [======>                                            ]  14.68MB/113.1MB
 02d7611c4eae Extracting 2 s
 74ee42a72ba8 Downloading [======>                                            ]  14.68MB/113.1MB
 02d7611c4eae Extracting 2 s
 74ee42a72ba8 Downloading [======>                                            ]  15.73MB/113.1MB
 02d7611c4eae Pull complete 
 74ee42a72ba8 Downloading [======>                                            ]  15.73MB/113.1MB
 be56d59d6531 Pull complete 
 6b79f2b29884 Extracting 1 s
 74ee42a72ba8 Downloading [======>                                            ]  15.73MB/113.1MB
 6b79f2b29884 Extracting 1 s
 74ee42a72ba8 Downloading [======>                                            ]  15.73MB/113.1MB
 6b79f2b29884 Extracting 1 s
 74ee42a72ba8 Downloading [=======>                                           ]  16.15MB/113.1MB
 74ee42a72ba8 Downloading [=======>                                           ]  16.78MB/113.1MB
 7f53036964f1 Extracting 1 s
 6b79f2b29884 Pull complete 
 74ee42a72ba8 Downloading [=======>                                           ]  16.78MB/113.1MB
 7f53036964f1 Pull complete 
 c3ce0464f73e Extracting 1 s
 74ee42a72ba8 Downloading [=======>                                           ]  16.78MB/113.1MB
 c3ce0464f73e Extracting 1 s
 74ee42a72ba8 Downloading [=======>                                           ]  16.78MB/113.1MB
 c3ce0464f73e Extracting 1 s
 74ee42a72ba8 Downloading [=======>                                           ]  17.83MB/113.1MB
 c3ce0464f73e Extracting 1 s
 74ee42a72ba8 Downloading [=======>                                           ]  17.83MB/113.1MB
 c3ce0464f73e Extracting 1 s
 74ee42a72ba8 Downloading [=======>                                           ]  17.83MB/113.1MB
 c3ce0464f73e Pull complete 
 74ee42a72ba8 Downloading [=======>                                           ]  17.83MB/113.1MB
 08375b6eb817 Extracting 1 s
 74ee42a72ba8 Downloading [========>                                          ]  18.87MB/113.1MB
 31172abd8f4a Pull complete 
 08375b6eb817 Pull complete 
 74ee42a72ba8 Downloading [========>                                          ]  18.87MB/113.1MB
 592e7afa2092 Pull complete 
 74ee42a72ba8 Downloading [========>                                          ]  18.87MB/113.1MB
 74ee42a72ba8 Downloading [========>                                          ]  18.87MB/113.1MB
 74ee42a72ba8 Downloading [========>                                          ]  18.87MB/113.1MB
 74ee42a72ba8 Downloading [========>                                          ]  19.92MB/113.1MB
 74ee42a72ba8 Downloading [========>                                          ]  19.92MB/113.1MB
 74ee42a72ba8 Downloading [========>                                          ]  19.92MB/113.1MB
 74ee42a72ba8 Downloading [=========>                                         ]  20.97MB/113.1MB
 74ee42a72ba8 Downloading [=========>                                         ]  20.97MB/113.1MB
 74ee42a72ba8 Downloading [=========>                                         ]  20.97MB/113.1MB
 74ee42a72ba8 Downloading [=========>                                         ]  20.97MB/113.1MB
 74ee42a72ba8 Downloading [=========>                                         ]  20.97MB/113.1MB
 74ee42a72ba8 Downloading [=========>                                         ]  20.97MB/113.1MB
 74ee42a72ba8 Downloading [=========>                                         ]  20.97MB/113.1MB
 74ee42a72ba8 Downloading [=========>                                         ]  20.97MB/113.1MB
 74ee42a72ba8 Downloading [=========>                                         ]  22.02MB/113.1MB
 74ee42a72ba8 Downloading [=========>                                         ]  22.02MB/113.1MB
 74ee42a72ba8 Downloading [=========>                                         ]  22.02MB/113.1MB
 74ee42a72ba8 Downloading [=========>                                         ]  22.02MB/113.1MB
 74ee42a72ba8 Downloading [==========>                                        ]  23.07MB/113.1MB
 74ee42a72ba8 Downloading [==========>                                        ]  23.07MB/113.1MB
 74ee42a72ba8 Downloading [==========>                                        ]  23.07MB/113.1MB
 74ee42a72ba8 Downloading [==========>                                        ]  24.12MB/113.1MB
 74ee42a72ba8 Downloading [==========>                                        ]  24.12MB/113.1MB
 74ee42a72ba8 Downloading [==========>                                        ]  24.12MB/113.1MB
 74ee42a72ba8 Downloading [===========>                                       ]  25.17MB/113.1MB
 74ee42a72ba8 Downloading [===========>                                       ]  25.17MB/113.1MB
 74ee42a72ba8 Downloading [===========>                                       ]  25.17MB/113.1MB
 74ee42a72ba8 Downloading [===========>                                       ]  26.21MB/113.1MB
 74ee42a72ba8 Downloading [===========>                                       ]  26.21MB/113.1MB
 74ee42a72ba8 Downloading [===========>                                       ]  26.21MB/113.1MB
 74ee42a72ba8 Downloading [============>                                      ]  27.26MB/113.1MB
 74ee42a72ba8 Downloading [============>                                      ]  27.26MB/113.1MB
 74ee42a72ba8 Downloading [============>                                      ]  27.26MB/113.1MB
 74ee42a72ba8 Downloading [============>                                      ]  27.26MB/113.1MB
 74ee42a72ba8 Downloading [============>                                      ]  27.26MB/113.1MB
 74ee42a72ba8 Downloading [============>                                      ]  28.31MB/113.1MB
 74ee42a72ba8 Downloading [============>                                      ]  28.31MB/113.1MB
 74ee42a72ba8 Downloading [============>                                      ]  28.31MB/113.1MB
 74ee42a72ba8 Downloading [============>                                      ]  29.36MB/113.1MB
 74ee42a72ba8 Downloading [============>                                      ]  29.36MB/113.1MB
 74ee42a72ba8 Downloading [============>                                      ]  29.36MB/113.1MB
 74ee42a72ba8 Downloading [============>                                      ]  29.36MB/113.1MB
 74ee42a72ba8 Downloading [============>                                      ]  29.36MB/113.1MB
 74ee42a72ba8 Downloading [============>                                      ]  29.36MB/113.1MB
 74ee42a72ba8 Downloading [============>                                      ]  29.36MB/113.1MB
 74ee42a72ba8 Downloading [=============>                                     ]  30.41MB/113.1MB
 74ee42a72ba8 Downloading [=============>                                     ]  31.46MB/113.1MB
 74ee42a72ba8 Downloading [=============>                                     ]  31.46MB/113.1MB
 74ee42a72ba8 Downloading [==============>                                    ]  32.51MB/113.1MB
 74ee42a72ba8 Downloading [==============>                                    ]  32.51MB/113.1MB
 74ee42a72ba8 Downloading [==============>                                    ]  32.51MB/113.1MB
 74ee42a72ba8 Downloading [==============>                                    ]  33.55MB/113.1MB
 74ee42a72ba8 Downloading [==============>                                    ]  33.55MB/113.1MB
 74ee42a72ba8 Downloading [===============>                                   ]   34.6MB/113.1MB
 74ee42a72ba8 Downloading [===============>                                   ]   34.6MB/113.1MB
 74ee42a72ba8 Downloading [===============>                                   ]   34.6MB/113.1MB
 74ee42a72ba8 Downloading [===============>                                   ]  35.65MB/113.1MB
 74ee42a72ba8 Downloading [===============>                                   ]  35.65MB/113.1MB
 74ee42a72ba8 Downloading [===============>                                   ]  35.65MB/113.1MB
 74ee42a72ba8 Downloading [================>                                  ]   36.7MB/113.1MB
 74ee42a72ba8 Downloading [================>                                  ]   36.7MB/113.1MB
 74ee42a72ba8 Downloading [================>                                  ]  37.75MB/113.1MB
 74ee42a72ba8 Downloading [================>                                  ]  37.75MB/113.1MB
 74ee42a72ba8 Downloading [================>                                  ]  37.75MB/113.1MB
 74ee42a72ba8 Downloading [=================>                                 ]   38.8MB/113.1MB
 74ee42a72ba8 Downloading [=================>                                 ]   38.8MB/113.1MB
 74ee42a72ba8 Downloading [=================>                                 ]  39.85MB/113.1MB
 74ee42a72ba8 Downloading [=================>                                 ]  39.85MB/113.1MB
 74ee42a72ba8 Downloading [=================>                                 ]  39.85MB/113.1MB
 74ee42a72ba8 Downloading [==================>                                ]  40.89MB/113.1MB
 74ee42a72ba8 Downloading [==================>                                ]  40.89MB/113.1MB
 74ee42a72ba8 Downloading [==================>                                ]  41.94MB/113.1MB
 74ee42a72ba8 Downloading [==================>                                ]  41.94MB/113.1MB
 74ee42a72ba8 Downloading [===================>                               ]  42.99MB/113.1MB
 74ee42a72ba8 Downloading [===================>                               ]  42.99MB/113.1MB
 74ee42a72ba8 Downloading [===================>                               ]  42.99MB/113.1MB
 74ee42a72ba8 Downloading [===================>                               ]  44.04MB/113.1MB
 74ee42a72ba8 Downloading [===================>                               ]  44.04MB/113.1MB
 74ee42a72ba8 Downloading [===================>                               ]  45.09MB/113.1MB
 74ee42a72ba8 Downloading [===================>                               ]  45.09MB/113.1MB
 74ee42a72ba8 Downloading [====================>                              ]  46.14MB/113.1MB
 74ee42a72ba8 Downloading [====================>                              ]  46.14MB/113.1MB
 74ee42a72ba8 Downloading [====================>                              ]  46.44MB/113.1MB
 74ee42a72ba8 Downloading [====================>                              ]  47.19MB/113.1MB
 74ee42a72ba8 Downloading [====================>                              ]  47.19MB/113.1MB
 74ee42a72ba8 Downloading [=====================>                             ]  48.23MB/113.1MB
 74ee42a72ba8 Downloading [=====================>                             ]  48.23MB/113.1MB
 74ee42a72ba8 Downloading [=====================>                             ]  49.28MB/113.1MB
 74ee42a72ba8 Downloading [=====================>                             ]  49.28MB/113.1MB
 74ee42a72ba8 Downloading [======================>                            ]  50.33MB/113.1MB
 74ee42a72ba8 Downloading [======================>                            ]  50.33MB/113.1MB
 74ee42a72ba8 Downloading [======================>                            ]  51.38MB/113.1MB
 74ee42a72ba8 Downloading [======================>                            ]  51.38MB/113.1MB
 74ee42a72ba8 Downloading [======================>                            ]  51.38MB/113.1MB
 74ee42a72ba8 Downloading [======================>                            ]  51.38MB/113.1MB
 74ee42a72ba8 Downloading [======================>                            ]  51.38MB/113.1MB
 74ee42a72ba8 Downloading [======================>                            ]  51.38MB/113.1MB
 74ee42a72ba8 Downloading [=======================>                           ]  52.43MB/113.1MB
 74ee42a72ba8 Downloading [=======================>                           ]  52.43MB/113.1MB
 74ee42a72ba8 Downloading [========================>                          ]  54.53MB/113.1MB
 74ee42a72ba8 Downloading [========================>                          ]  54.53MB/113.1MB
 74ee42a72ba8 Downloading [========================>                          ]  54.53MB/113.1MB
 74ee42a72ba8 Downloading [========================>                          ]  54.53MB/113.1MB
 74ee42a72ba8 Downloading [========================>                          ]  55.57MB/113.1MB
 74ee42a72ba8 Downloading [========================>                          ]  55.57MB/113.1MB
 74ee42a72ba8 Downloading [=========================>                         ]  56.62MB/113.1MB
 74ee42a72ba8 Downloading [=========================>                         ]  56.62MB/113.1MB
 74ee42a72ba8 Downloading [=========================>                         ]  56.62MB/113.1MB
 74ee42a72ba8 Downloading [=========================>                         ]  56.62MB/113.1MB
 74ee42a72ba8 Downloading [=========================>                         ]  57.67MB/113.1MB
 74ee42a72ba8 Downloading [=========================>                         ]  57.67MB/113.1MB
 74ee42a72ba8 Downloading [=========================>                         ]  58.72MB/113.1MB
 74ee42a72ba8 Downloading [=========================>                         ]  58.72MB/113.1MB
 74ee42a72ba8 Downloading [==========================>                        ]  59.77MB/113.1MB
 74ee42a72ba8 Downloading [==========================>                        ]  59.77MB/113.1MB
 74ee42a72ba8 Downloading [==========================>                        ]  60.82MB/113.1MB
 74ee42a72ba8 Downloading [==========================>                        ]  60.82MB/113.1MB
 74ee42a72ba8 Downloading [==========================>                        ]  60.82MB/113.1MB
 74ee42a72ba8 Downloading [==========================>                        ]  60.82MB/113.1MB
 74ee42a72ba8 Downloading [==========================>                        ]  60.82MB/113.1MB
 74ee42a72ba8 Downloading [==========================>                        ]  60.82MB/113.1MB
 74ee42a72ba8 Downloading [==========================>                        ]  60.82MB/113.1MB
 74ee42a72ba8 Downloading [===========================>                       ]  61.87MB/113.1MB
 74ee42a72ba8 Downloading [===========================>                       ]  61.87MB/113.1MB
 74ee42a72ba8 Downloading [===========================>                       ]  61.87MB/113.1MB
 74ee42a72ba8 Downloading [===========================>                       ]  61.87MB/113.1MB
 74ee42a72ba8 Downloading [===========================>                       ]  62.91MB/113.1MB
 74ee42a72ba8 Downloading [===========================>                       ]  62.91MB/113.1MB
 74ee42a72ba8 Downloading [===========================>                       ]  62.91MB/113.1MB
 74ee42a72ba8 Downloading [===========================>                       ]  62.91MB/113.1MB
 74ee42a72ba8 Downloading [===========================>                       ]  62.91MB/113.1MB
 74ee42a72ba8 Downloading [===========================>                       ]  62.92MB/113.1MB
 74ee42a72ba8 Downloading [============================>                      ]  65.01MB/113.1MB
 74ee42a72ba8 Downloading [============================>                      ]  65.01MB/113.1MB
 74ee42a72ba8 Downloading [============================>                      ]  65.01MB/113.1MB
 74ee42a72ba8 Downloading [============================>                      ]  65.01MB/113.1MB
 74ee42a72ba8 Downloading [============================>                      ]  65.01MB/113.1MB
 74ee42a72ba8 Downloading [============================>                      ]  65.01MB/113.1MB
 74ee42a72ba8 Downloading [=============================>                     ]  67.11MB/113.1MB
 74ee42a72ba8 Downloading [==============================>                    ]  68.16MB/113.1MB
 74ee42a72ba8 Downloading [===============================>                   ]  70.25MB/113.1MB
 74ee42a72ba8 Downloading [===============================>                   ]  70.25MB/113.1MB
 74ee42a72ba8 Downloading [===============================>                   ]   71.3MB/113.1MB
 74ee42a72ba8 Downloading [===============================>                   ]   71.3MB/113.1MB
 74ee42a72ba8 Downloading [===============================>                   ]  72.35MB/113.1MB
 74ee42a72ba8 Downloading [===============================>                   ]  72.35MB/113.1MB
 74ee42a72ba8 Downloading [================================>                  ]   73.4MB/113.1MB
 74ee42a72ba8 Downloading [================================>                  ]   73.4MB/113.1MB
 74ee42a72ba8 Downloading [================================>                  ]  74.45MB/113.1MB
 74ee42a72ba8 Downloading [================================>                  ]  74.45MB/113.1MB
 74ee42a72ba8 Downloading [=================================>                 ]   75.5MB/113.1MB
 74ee42a72ba8 Downloading [=================================>                 ]   75.5MB/113.1MB
 74ee42a72ba8 Downloading [=================================>                 ]  76.55MB/113.1MB
 74ee42a72ba8 Downloading [=================================>                 ]  76.55MB/113.1MB
 74ee42a72ba8 Downloading [==================================>                ]  77.59MB/113.1MB
 74ee42a72ba8 Downloading [==================================>                ]  78.64MB/113.1MB
 74ee42a72ba8 Downloading [==================================>                ]  78.64MB/113.1MB
 74ee42a72ba8 Downloading [===================================>               ]  79.69MB/113.1MB
 74ee42a72ba8 Downloading [===================================>               ]  80.74MB/113.1MB
 74ee42a72ba8 Downloading [===================================>               ]  80.74MB/113.1MB
 74ee42a72ba8 Downloading [====================================>              ]  81.79MB/113.1MB
 74ee42a72ba8 Downloading [====================================>              ]  81.79MB/113.1MB
 74ee42a72ba8 Downloading [====================================>              ]  81.79MB/113.1MB
 74ee42a72ba8 Downloading [====================================>              ]  81.79MB/113.1MB
 74ee42a72ba8 Downloading [=====================================>             ]  83.89MB/113.1MB
 74ee42a72ba8 Downloading [=====================================>             ]  84.93MB/113.1MB
 74ee42a72ba8 Downloading [=====================================>             ]  84.93MB/113.1MB
 74ee42a72ba8 Downloading [======================================>            ]  85.98MB/113.1MB
 74ee42a72ba8 Downloading [======================================>            ]  87.03MB/113.1MB
 74ee42a72ba8 Downloading [======================================>            ]  87.03MB/113.1MB
 74ee42a72ba8 Downloading [======================================>            ]  88.08MB/113.1MB
 74ee42a72ba8 Downloading [=======================================>           ]  89.13MB/113.1MB
 74ee42a72ba8 Downloading [=======================================>           ]  89.13MB/113.1MB
 74ee42a72ba8 Downloading [=======================================>           ]  90.18MB/113.1MB
 74ee42a72ba8 Downloading [=======================================>           ]  90.18MB/113.1MB
 74ee42a72ba8 Downloading [========================================>          ]  91.23MB/113.1MB
 74ee42a72ba8 Downloading [========================================>          ]  92.27MB/113.1MB
 74ee42a72ba8 Downloading [========================================>          ]  92.27MB/113.1MB
 74ee42a72ba8 Downloading [========================================>          ]  92.27MB/113.1MB
 74ee42a72ba8 Downloading [========================================>          ]  92.27MB/113.1MB
 74ee42a72ba8 Downloading [=========================================>         ]  93.32MB/113.1MB
 74ee42a72ba8 Downloading [==========================================>        ]  95.42MB/113.1MB
 74ee42a72ba8 Downloading [==========================================>        ]  95.42MB/113.1MB
 74ee42a72ba8 Downloading [==========================================>        ]  96.47MB/113.1MB
 74ee42a72ba8 Downloading [===========================================>       ]  97.52MB/113.1MB
 74ee42a72ba8 Downloading [===========================================>       ]  98.57MB/113.1MB
 74ee42a72ba8 Downloading [============================================>      ]  99.61MB/113.1MB
 74ee42a72ba8 Downloading [============================================>      ]  99.61MB/113.1MB
 74ee42a72ba8 Downloading [============================================>      ]  100.7MB/113.1MB
 74ee42a72ba8 Downloading [============================================>      ]  100.7MB/113.1MB
 74ee42a72ba8 Downloading [============================================>      ]  100.7MB/113.1MB
 74ee42a72ba8 Downloading [============================================>      ]  100.7MB/113.1MB
 74ee42a72ba8 Downloading [=============================================>     ]  103.7MB/113.1MB
 74ee42a72ba8 Downloading [=============================================>     ]  103.8MB/113.1MB
 74ee42a72ba8 Downloading [==============================================>    ]  104.9MB/113.1MB
 74ee42a72ba8 Downloading [==============================================>    ]  105.9MB/113.1MB
 74ee42a72ba8 Downloading [==============================================>    ]  105.9MB/113.1MB
 74ee42a72ba8 Downloading [==============================================>    ]  105.9MB/113.1MB
 74ee42a72ba8 Downloading [==============================================>    ]  105.9MB/113.1MB
 74ee42a72ba8 Downloading [==============================================>    ]  105.9MB/113.1MB
 74ee42a72ba8 Downloading [===============================================>   ]    108MB/113.1MB
 74ee42a72ba8 Downloading [===============================================>   ]    108MB/113.1MB
 74ee42a72ba8 Downloading [================================================>  ]  109.1MB/113.1MB
 74ee42a72ba8 Downloading [================================================>  ]  109.1MB/113.1MB
 74ee42a72ba8 Downloading [================================================>  ]  110.1MB/113.1MB
 74ee42a72ba8 Downloading [================================================>  ]  110.1MB/113.1MB
 74ee42a72ba8 Downloading [=================================================> ]  112.2MB/113.1MB
 74ee42a72ba8 Downloading [==================================================>]  113.1MB/113.1MB
 74ee42a72ba8 Download complete 
 74ee42a72ba8 Extracting 1 s
 74ee42a72ba8 Extracting 1 s
 74ee42a72ba8 Extracting 1 s
 74ee42a72ba8 Extracting 1 s
 74ee42a72ba8 Extracting 1 s
 74ee42a72ba8 Extracting 1 s
 74ee42a72ba8 Extracting 1 s
 74ee42a72ba8 Extracting 1 s
 74ee42a72ba8 Extracting 1 s
 74ee42a72ba8 Extracting 1 s
 74ee42a72ba8 Extracting 2 s
 74ee42a72ba8 Extracting 2 s
 74ee42a72ba8 Extracting 2 s
 74ee42a72ba8 Extracting 2 s
 74ee42a72ba8 Extracting 2 s
 74ee42a72ba8 Extracting 2 s
 74ee42a72ba8 Extracting 2 s
 74ee42a72ba8 Extracting 2 s
 74ee42a72ba8 Extracting 2 s
 74ee42a72ba8 Extracting 2 s
 74ee42a72ba8 Extracting 3 s
 74ee42a72ba8 Extracting 3 s
 74ee42a72ba8 Extracting 3 s
 74ee42a72ba8 Extracting 3 s
 74ee42a72ba8 Extracting 3 s
 74ee42a72ba8 Extracting 3 s
 74ee42a72ba8 Extracting 3 s
 74ee42a72ba8 Extracting 3 s
 74ee42a72ba8 Extracting 3 s
 74ee42a72ba8 Extracting 3 s
 74ee42a72ba8 Extracting 4 s
 74ee42a72ba8 Extracting 4 s
 74ee42a72ba8 Extracting 4 s
 74ee42a72ba8 Extracting 4 s
 74ee42a72ba8 Extracting 4 s
 74ee42a72ba8 Extracting 4 s
 74ee42a72ba8 Extracting 4 s
 74ee42a72ba8 Extracting 4 s
 74ee42a72ba8 Extracting 4 s
 74ee42a72ba8 Extracting 4 s
 74ee42a72ba8 Extracting 5 s
 74ee42a72ba8 Extracting 5 s
 74ee42a72ba8 Extracting 5 s
 74ee42a72ba8 Extracting 5 s
 74ee42a72ba8 Extracting 5 s
 74ee42a72ba8 Extracting 5 s
 74ee42a72ba8 Extracting 5 s
 74ee42a72ba8 Extracting 5 s
 74ee42a72ba8 Extracting 5 s
 74ee42a72ba8 Extracting 5 s
 2809b03b8187 Extracting 1 s
 74ee42a72ba8 Pull complete 
 2809b03b8187 Pull complete 
 ff1a91754d0b Pull complete 
 5773fb4a9d72 Extracting 1 s
 19a4bd73b5b6 Pull complete 
 5773fb4a9d72 Pull complete 
 3efabc308a47 Pull complete 
 Image postgres:16 Pulled 
time="2026-01-05T09:36:19Z" level=warning msg="No services to build"
 Network postgres_default Creating 
 Network postgres_default Created 
 Volume postgres_vpnservice_pgdata Creating 
 Volume postgres_vpnservice_pgdata Created 
 Container vpnservice-postgres Creating 
 Container vpnservice-postgres Created 
 Container vpnservice-postgres Starting 
Error response from daemon: failed to set up container networking: driver failed programming external connectivity on endpoint vpnservice-postgres (0451214d4bf95c44bc2011e984d9d09c15caf652e3ccf58bac8e05ab7de31d75): failed to bind host port 0.0.0.0:5432/tcp: address already in use

Waiting for Postgres health... (1/60) status=unknown
Waiting for Postgres health... (2/60) status=unknown
Waiting for Postgres health... (3/60) status=unknown
Waiting for Postgres health... (4/60) status=unknown
Waiting for Postgres health... (5/60) status=unknown
Waiting for Postgres health... (6/60) status=unknown
Waiting for Postgres health... (7/60) status=unknown
Waiting for Postgres health... (8/60) status=unknown
Waiting for Postgres health... (9/60) status=unknown
Waiting for Postgres health... (10/60) status=unknown
Waiting for Postgres health... (11/60) status=unknown
Waiting for Postgres health... (12/60) status=unknown
Waiting for Postgres health... (13/60) status=unknown
Waiting for Postgres health... (14/60) status=unknown
Waiting for Postgres health... (15/60) status=unknown
Waiting for Postgres health... (16/60) status=unknown
Waiting for Postgres health... (17/60) status=unknown
Waiting for Postgres health... (18/60) status=unknown
Waiting for Postgres health... (19/60) status=unknown
Waiting for Postgres health... (20/60) status=unknown
Waiting for Postgres health... (21/60) status=unknown
Waiting for Postgres health... (22/60) status=unknown
Waiting for Postgres health... (23/60) status=unknown
Waiting for Postgres health... (24/60) status=unknown
Waiting for Postgres health... (25/60) status=unknown
Waiting for Postgres health... (26/60) status=unknown
Waiting for Postgres health... (27/60) status=unknown
Waiting for Postgres health... (28/60) status=unknown
Waiting for Postgres health... (29/60) status=unknown
Waiting for Postgres health... (30/60) status=unknown
Waiting for Postgres health... (31/60) status=unknown
Waiting for Postgres health... (32/60) status=unknown
Waiting for Postgres health... (33/60) status=unknown
Waiting for Postgres health... (34/60) status=unknown
Waiting for Postgres health... (35/60) status=unknown
Waiting for Postgres health... (36/60) status=unknown
Waiting for Postgres health... (37/60) status=unknown
Waiting for Postgres health... (38/60) status=unknown
Waiting for Postgres health... (39/60) status=unknown
Waiting for Postgres health... (40/60) status=unknown
Waiting for Postgres health... (41/60) status=unknown
Waiting for Postgres health... (42/60) status=unknown
Waiting for Postgres health... (43/60) status=unknown
Waiting for Postgres health... (44/60) status=unknown
Waiting for Postgres health... (45/60) status=unknown
Waiting for Postgres health... (46/60) status=unknown
Waiting for Postgres health... (47/60) status=unknown
Waiting for Postgres health... (48/60) status=unknown
Waiting for Postgres health... (49/60) status=unknown
Waiting for Postgres health... (50/60) status=unknown
Waiting for Postgres health... (51/60) status=unknown
Waiting for Postgres health... (52/60) status=unknown
Waiting for Postgres health... (53/60) status=unknown
Waiting for Postgres health... (54/60) status=unknown
Waiting for Postgres health... (55/60) status=unknown
Waiting for Postgres health... (56/60) status=unknown
Waiting for Postgres health... (57/60) status=unknown
Waiting for Postgres health... (58/60) status=unknown
Waiting for Postgres health... (59/60) status=unknown
Waiting for Postgres health... (60/60) status=unknown
[0;31mPostgres did not become healthy.[0m
-------------------------------------------
TASK: Postgres: docker logs (tail 120)
TIME_UTC: Пн 05 янв 2026 09:37:22 UTC
HOST: Vpn-Main
REPO_ROOT: /opt/vpn-service
-------------------------------------------
+ docker logs --tail 120 vpnservice-postgres

