-------------------------------------------
TASK: System: whoami/hostname/date
TIME_UTC: Вс 04 янв 2026 08:30:25 UTC
HOST: Vpn-Main
REPO_ROOT: /opt/vpn-service
-------------------------------------------
+ whoami
root

-------------------------------------------
TASK: System: hostname
TIME_UTC: Вс 04 янв 2026 08:30:25 UTC
HOST: Vpn-Main
REPO_ROOT: /opt/vpn-service
-------------------------------------------
+ hostname
Vpn-Main

-------------------------------------------
TASK: System: date (UTC)
TIME_UTC: Вс 04 янв 2026 08:30:25 UTC
HOST: Vpn-Main
REPO_ROOT: /opt/vpn-service
-------------------------------------------
+ date -u
Вс 04 янв 2026 08:30:25 UTC

-------------------------------------------
TASK: System: timedatectl (top)
TIME_UTC: Вс 04 янв 2026 08:30:25 UTC
HOST: Vpn-Main
REPO_ROOT: /opt/vpn-service
-------------------------------------------
+ bash -lc timedatectl | sed -n '1,10p'
               Local time: Вс 2026-01-04 08:30:25 UTC
           Universal time: Вс 2026-01-04 08:30:25 UTC
                 RTC time: Вс 2026-01-04 08:27:10
                Time zone: UTC (UTC, +0000)
System clock synchronized: yes
              NTP service: active
          RTC in local TZ: no

-------------------------------------------
TASK: Network: ip -br a
TIME_UTC: Вс 04 янв 2026 08:30:25 UTC
HOST: Vpn-Main
REPO_ROOT: /opt/vpn-service
-------------------------------------------
+ ip -br a
lo               UNKNOWN        127.0.0.1/8 ::1/128 
enp0s3           UP             10.0.2.15/24 metric 100 fd17:625c:f037:2:a00:27ff:febc:54a4/64 fe80::a00:27ff:febc:54a4/64 
enp0s8           DOWN           
wg1              UNKNOWN        10.0.0.1/24 

-------------------------------------------
TASK: Network: routes
TIME_UTC: Вс 04 янв 2026 08:30:25 UTC
HOST: Vpn-Main
REPO_ROOT: /opt/vpn-service
-------------------------------------------
+ ip r
default via 10.0.2.2 dev enp0s3 proto dhcp src 10.0.2.15 metric 100 
1.1.1.1 via 10.0.2.2 dev enp0s3 proto dhcp src 10.0.2.15 metric 100 
10.0.0.0/24 dev wg1 proto kernel scope link src 10.0.0.1 
10.0.2.0/24 dev enp0s3 proto kernel scope link src 10.0.2.15 metric 100 
10.0.2.2 dev enp0s3 proto dhcp scope link src 10.0.2.15 metric 100 
192.168.1.1 via 10.0.2.2 dev enp0s3 proto dhcp src 10.0.2.15 metric 100 

-------------------------------------------
TASK: Network: ping 8.8.8.8
TIME_UTC: Вс 04 янв 2026 08:30:25 UTC
HOST: Vpn-Main
REPO_ROOT: /opt/vpn-service
-------------------------------------------
+ ping -c 1 8.8.8.8
PING 8.8.8.8 (8.8.8.8) 56(84) bytes of data.
64 bytes from 8.8.8.8: icmp_seq=1 ttl=255 time=136 ms

--- 8.8.8.8 ping statistics ---
1 packets transmitted, 1 received, 0% packet loss, time 0ms
rtt min/avg/max/mdev = 136.480/136.480/136.480/0.000 ms

-------------------------------------------
TASK: WireGuard: wg show
TIME_UTC: Вс 04 янв 2026 08:30:25 UTC
HOST: Vpn-Main
REPO_ROOT: /opt/vpn-service
-------------------------------------------
+ wg show
interface: wg1
  public key: ZYXEy5Xnr+8yTjisbjgyaLGzvDBqvPtcY6A/EFEAk0U=
  private key: (hidden)
  listening port: 51820

-------------------------------------------
TASK: WireGuard: wg show dump (first 30 lines)
TIME_UTC: Вс 04 янв 2026 08:30:25 UTC
HOST: Vpn-Main
REPO_ROOT: /opt/vpn-service
-------------------------------------------
+ bash -lc wg show 'wg1' dump | head -n 30
oPRJJkT7yzF4bx1JuLtnKfQrQLfiJ3NhIkGUt+8Py2k=	ZYXEy5Xnr+8yTjisbjgyaLGzvDBqvPtcY6A/EFEAk0U=	51820	off

-------------------------------------------
TASK: Git: status
TIME_UTC: Вс 04 янв 2026 08:30:25 UTC
HOST: Vpn-Main
REPO_ROOT: /opt/vpn-service
-------------------------------------------
+ bash -lc cd '/opt/vpn-service' && git status
On branch main
Your branch is up to date with 'origin/main'.

Changes not staged for commit:
  (use "git add <file>..." to update what will be committed)
  (use "git restore <file>..." to discard changes in working directory)
	modified:   reports/api.pid

Untracked files:
  (use "git add <file>..." to include in what will be committed)
	reports/report_2026-01-04_08-29-33.log.api.out

no changes added to commit (use "git add" and/or "git commit -a")

-------------------------------------------
TASK: Git: fetch --all --prune
TIME_UTC: Вс 04 янв 2026 08:30:25 UTC
HOST: Vpn-Main
REPO_ROOT: /opt/vpn-service
-------------------------------------------
+ bash -lc cd '/opt/vpn-service' && git fetch --all --prune

-------------------------------------------
TASK: Git: pull --rebase
TIME_UTC: Вс 04 янв 2026 08:30:32 UTC
HOST: Vpn-Main
REPO_ROOT: /opt/vpn-service
-------------------------------------------
+ bash -lc cd '/opt/vpn-service' && git pull --rebase
error: cannot pull with rebase: You have unstaged changes.
error: Please commit or stash them.

-------------------------------------------
TASK: Git: log -5
TIME_UTC: Вс 04 янв 2026 08:30:32 UTC
HOST: Vpn-Main
REPO_ROOT: /opt/vpn-service
-------------------------------------------
+ bash -lc cd '/opt/vpn-service' && git log -5 --oneline
ce6191f Reports123
3ec6406 Reports12
12e33f0 Reports1
49b22b2 Devmenu auto2
abefe6c Devmenu auto

-------------------------------------------
TASK: Build: dotnet --info (top)
TIME_UTC: Вс 04 янв 2026 08:30:32 UTC
HOST: Vpn-Main
REPO_ROOT: /opt/vpn-service
-------------------------------------------
+ bash -lc dotnet --info | sed -n '1,25p'
ПАКЕТ SDK ДЛЯ .NET:
 Version:           9.0.203
 Commit:            dc7acfa194
 Workload version:  9.0.200-manifests.9df47798
 MSBuild version:   17.13.20+a4ef1e90f

Среда выполнения:
 OS Name:     ubuntu
 OS Version:  24.04
 OS Platform: Linux
 RID:         linux-x64
 Base Path:   /usr/share/dotnet/sdk/9.0.203/

Установленные рабочие нагрузки .NET:
Нет установленных рабочих нагрузок для отображения.
Настроено на использование loose manifests при установке новых манифестов.

Host:
  Version:      9.0.4
  Architecture: x64
  Commit:       f57e6dc747

.NET SDKs installed:
  8.0.416 [/usr/share/dotnet/sdk]
  9.0.203 [/usr/share/dotnet/sdk]

-------------------------------------------
TASK: Build: clean
TIME_UTC: Вс 04 янв 2026 08:30:32 UTC
HOST: Vpn-Main
REPO_ROOT: /opt/vpn-service
-------------------------------------------
+ bash -lc cd '/opt/vpn-service' && dotnet clean
Сборка начата 04.01.2026 08:30:33.
     1>Проект "/opt/vpn-service/VpnService.sln" в узле 1 (целевые объекты Clean).
     1>ValidateSolutionConfiguration:
         Создание конфигурации решения "Debug|Any CPU".
     1>Проект "/opt/vpn-service/VpnService.sln" (1) выполняет сборку "/opt/vpn-service/VpnService.Application/VpnService.Application.csproj" (3) в узле 2 (целевые объекты Clean).
     3>CoreClean:
         Файл "/opt/vpn-service/VpnService.Application/bin/Debug/net9.0/VpnService.Application.deps.json" удаляется.
         Файл "/opt/vpn-service/VpnService.Application/bin/Debug/net9.0/VpnService.Application.dll" удаляется.
         Файл "/opt/vpn-service/VpnService.Application/bin/Debug/net9.0/VpnService.Application.pdb" удаляется.
         Файл "/opt/vpn-service/VpnService.Application/bin/Debug/net9.0/VpnService.Domain.dll" удаляется.
         Файл "/opt/vpn-service/VpnService.Application/bin/Debug/net9.0/VpnService.Infrastructure.Abstractions.dll" удаляется.
         Файл "/opt/vpn-service/VpnService.Application/bin/Debug/net9.0/VpnService.Domain.pdb" удаляется.
         Файл "/opt/vpn-service/VpnService.Application/bin/Debug/net9.0/VpnService.Infrastructure.Abstractions.pdb" удаляется.
         Файл "/opt/vpn-service/VpnService.Application/obj/Debug/net9.0/VpnService.Application.csproj.AssemblyReference.cache" удаляется.
         Файл "/opt/vpn-service/VpnService.Application/obj/Debug/net9.0/VpnService.Application.GeneratedMSBuildEditorConfig.editorconfig" удаляется.
         Файл "/opt/vpn-service/VpnService.Application/obj/Debug/net9.0/VpnService.Application.AssemblyInfoInputs.cache" удаляется.
         Файл "/opt/vpn-service/VpnService.Application/obj/Debug/net9.0/VpnService.Application.AssemblyInfo.cs" удаляется.
         Файл "/opt/vpn-service/VpnService.Application/obj/Debug/net9.0/VpnService.Application.csproj.CoreCompileInputs.cache" удаляется.
         Файл "/opt/vpn-service/VpnService.Application/obj/Debug/net9.0/VpnService.Application.sourcelink.json" удаляется.
         Файл "/opt/vpn-service/VpnService.Application/obj/Debug/net9.0/VpnServi.9E800F34.Up2Date" удаляется.
         Файл "/opt/vpn-service/VpnService.Application/obj/Debug/net9.0/VpnService.Application.dll" удаляется.
         Файл "/opt/vpn-service/VpnService.Application/obj/Debug/net9.0/refint/VpnService.Application.dll" удаляется.
         Файл "/opt/vpn-service/VpnService.Application/obj/Debug/net9.0/VpnService.Application.pdb" удаляется.
         Файл "/opt/vpn-service/VpnService.Application/obj/Debug/net9.0/ref/VpnService.Application.dll" удаляется.
     1>Проект "/opt/vpn-service/VpnService.sln" (1) выполняет сборку "/opt/vpn-service/VpnService.Infrastructure/VpnService.Infrastructure.csproj" (2) в узле 3 (целевые объекты Clean).
     2>CoreClean:
         Файл "/opt/vpn-service/VpnService.Infrastructure/bin/Debug/net9.0/VpnService.Infrastructure.deps.json" удаляется.
         Файл "/opt/vpn-service/VpnService.Infrastructure/bin/Debug/net9.0/VpnService.Infrastructure.runtimeconfig.json" удаляется.
         Файл "/opt/vpn-service/VpnService.Infrastructure/bin/Debug/net9.0/VpnService.Infrastructure.dll" удаляется.
         Файл "/opt/vpn-service/VpnService.Infrastructure/bin/Debug/net9.0/VpnService.Infrastructure.pdb" удаляется.
         Файл "/opt/vpn-service/VpnService.Infrastructure/bin/Debug/net9.0/VpnService.Application.dll" удаляется.
         Файл "/opt/vpn-service/VpnService.Infrastructure/bin/Debug/net9.0/VpnService.Domain.dll" удаляется.
         Файл "/opt/vpn-service/VpnService.Infrastructure/bin/Debug/net9.0/VpnService.Infrastructure.Abstractions.dll" удаляется.
         Файл "/opt/vpn-service/VpnService.Infrastructure/bin/Debug/net9.0/VpnService.Domain.pdb" удаляется.
         Файл "/opt/vpn-service/VpnService.Infrastructure/bin/Debug/net9.0/VpnService.Infrastructure.Abstractions.pdb" удаляется.
         Файл "/opt/vpn-service/VpnService.Infrastructure/bin/Debug/net9.0/VpnService.Application.pdb" удаляется.
         Файл "/opt/vpn-service/VpnService.Infrastructure/obj/Debug/net9.0/VpnService.Infrastructure.csproj.AssemblyReference.cache" удаляется.
         Файл "/opt/vpn-service/VpnService.Infrastructure/obj/Debug/net9.0/VpnService.Infrastructure.GeneratedMSBuildEditorConfig.editorconfig" удаляется.
         Файл "/opt/vpn-service/VpnService.Infrastructure/obj/Debug/net9.0/VpnService.Infrastructure.AssemblyInfoInputs.cache" удаляется.
         Файл "/opt/vpn-service/VpnService.Infrastructure/obj/Debug/net9.0/VpnService.Infrastructure.AssemblyInfo.cs" удаляется.
         Файл "/opt/vpn-service/VpnService.Infrastructure/obj/Debug/net9.0/VpnService.Infrastructure.csproj.CoreCompileInputs.cache" удаляется.
         Файл "/opt/vpn-service/VpnService.Infrastructure/obj/Debug/net9.0/VpnService.Infrastructure.sourcelink.json" удаляется.
         Файл "/opt/vpn-service/VpnService.Infrastructure/obj/Debug/net9.0/VpnServi.5AA738CD.Up2Date" удаляется.
         Файл "/opt/vpn-service/VpnService.Infrastructure/obj/Debug/net9.0/VpnService.Infrastructure.dll" удаляется.
         Файл "/opt/vpn-service/VpnService.Infrastructure/obj/Debug/net9.0/refint/VpnService.Infrastructure.dll" удаляется.
         Файл "/opt/vpn-service/VpnService.Infrastructure/obj/Debug/net9.0/VpnService.Infrastructure.pdb" удаляется.
         Файл "/opt/vpn-service/VpnService.Infrastructure/obj/Debug/net9.0/VpnService.Infrastructure.genruntimeconfig.cache" удаляется.
         Файл "/opt/vpn-service/VpnService.Infrastructure/obj/Debug/net9.0/ref/VpnService.Infrastructure.dll" удаляется.
     1>Проект "/opt/vpn-service/VpnService.sln" (1) выполняет сборку "/opt/vpn-service/VpnService.Api/VpnService.Api.csproj" (4) в узле 4 (целевые объекты Clean).
     4>CoreClean:
         Файл "/opt/vpn-service/VpnService.Api/bin/Debug/net9.0/appsettings.json" удаляется.
         Файл "/opt/vpn-service/VpnService.Api/bin/Debug/net9.0/VpnService.Api.staticwebassets.endpoints.json" удаляется.
         Файл "/opt/vpn-service/VpnService.Api/bin/Debug/net9.0/VpnService.Api" удаляется.
         Файл "/opt/vpn-service/VpnService.Api/bin/Debug/net9.0/VpnService.Api.deps.json" удаляется.
         Файл "/opt/vpn-service/VpnService.Api/bin/Debug/net9.0/VpnService.Api.runtimeconfig.json" удаляется.
         Файл "/opt/vpn-service/VpnService.Api/bin/Debug/net9.0/VpnService.Api.dll" удаляется.
         Файл "/opt/vpn-service/VpnService.Api/bin/Debug/net9.0/VpnService.Api.pdb" удаляется.
         Файл "/opt/vpn-service/VpnService.Api/bin/Debug/net9.0/Microsoft.AspNetCore.Authentication.JwtBearer.dll" удаляется.
         Файл "/opt/vpn-service/VpnService.Api/bin/Debug/net9.0/Microsoft.AspNetCore.OpenApi.dll" удаляется.
         Файл "/opt/vpn-service/VpnService.Api/bin/Debug/net9.0/Microsoft.EntityFrameworkCore.dll" удаляется.
         Файл "/opt/vpn-service/VpnService.Api/bin/Debug/net9.0/Microsoft.EntityFrameworkCore.Abstractions.dll" удаляется.
         Файл "/opt/vpn-service/VpnService.Api/bin/Debug/net9.0/Microsoft.EntityFrameworkCore.InMemory.dll" удаляется.
         Файл "/opt/vpn-service/VpnService.Api/bin/Debug/net9.0/Microsoft.EntityFrameworkCore.Relational.dll" удаляется.
         Файл "/opt/vpn-service/VpnService.Api/bin/Debug/net9.0/Microsoft.Extensions.DependencyModel.dll" удаляется.
         Файл "/opt/vpn-service/VpnService.Api/bin/Debug/net9.0/Microsoft.IdentityModel.Abstractions.dll" удаляется.
         Файл "/opt/vpn-service/VpnService.Api/bin/Debug/net9.0/Microsoft.IdentityModel.JsonWebTokens.dll" удаляется.
         Файл "/opt/vpn-service/VpnService.Api/bin/Debug/net9.0/Microsoft.IdentityModel.Logging.dll" удаляется.
         Файл "/opt/vpn-service/VpnService.Api/bin/Debug/net9.0/Microsoft.IdentityModel.Protocols.dll" удаляется.
         Файл "/opt/vpn-service/VpnService.Api/bin/Debug/net9.0/Microsoft.IdentityModel.Protocols.OpenIdConnect.dll" удаляется.
         Файл "/opt/vpn-service/VpnService.Api/bin/Debug/net9.0/Microsoft.IdentityModel.Tokens.dll" удаляется.
         Файл "/opt/vpn-service/VpnService.Api/bin/Debug/net9.0/Microsoft.OpenApi.dll" удаляется.
         Файл "/opt/vpn-service/VpnService.Api/bin/Debug/net9.0/Npgsql.dll" удаляется.
         Файл "/opt/vpn-service/VpnService.Api/bin/Debug/net9.0/Npgsql.EntityFrameworkCore.PostgreSQL.dll" удаляется.
         Файл "/opt/vpn-service/VpnService.Api/bin/Debug/net9.0/Serilog.dll" удаляется.
         Файл "/opt/vpn-service/VpnService.Api/bin/Debug/net9.0/Serilog.AspNetCore.dll" удаляется.
         Файл "/opt/vpn-service/VpnService.Api/bin/Debug/net9.0/Serilog.Extensions.Hosting.dll" удаляется.
         Файл "/opt/vpn-service/VpnService.Api/bin/Debug/net9.0/Serilog.Extensions.Logging.dll" удаляется.
         Файл "/opt/vpn-service/VpnService.Api/bin/Debug/net9.0/Serilog.Formatting.Compact.dll" удаляется.
         Файл "/opt/vpn-service/VpnService.Api/bin/Debug/net9.0/Serilog.Settings.Configuration.dll" удаляется.
         Файл "/opt/vpn-service/VpnService.Api/bin/Debug/net9.0/Serilog.Sinks.Console.dll" удаляется.
         Файл "/opt/vpn-service/VpnService.Api/bin/Debug/net9.0/Serilog.Sinks.Debug.dll" удаляется.
         Файл "/opt/vpn-service/VpnService.Api/bin/Debug/net9.0/Serilog.Sinks.File.dll" удаляется.
         Файл "/opt/vpn-service/VpnService.Api/bin/Debug/net9.0/Swashbuckle.AspNetCore.Swagger.dll" удаляется.
         Файл "/opt/vpn-service/VpnService.Api/bin/Debug/net9.0/Swashbuckle.AspNetCore.SwaggerGen.dll" удаляется.
         Файл "/opt/vpn-service/VpnService.Api/bin/Debug/net9.0/Swashbuckle.AspNetCore.SwaggerUI.dll" удаляется.
         Файл "/opt/vpn-service/VpnService.Api/bin/Debug/net9.0/System.IdentityModel.Tokens.Jwt.dll" удаляется.
         Файл "/opt/vpn-service/VpnService.Api/bin/Debug/net9.0/VpnService.Application.dll" удаляется.
         Файл "/opt/vpn-service/VpnService.Api/bin/Debug/net9.0/VpnService.Domain.dll" удаляется.
         Файл "/opt/vpn-service/VpnService.Api/bin/Debug/net9.0/VpnService.Infrastructure.Abstractions.dll" удаляется.
         Файл "/opt/vpn-service/VpnService.Api/bin/Debug/net9.0/VpnService.Infrastructure.dll" удаляется.
         Файл "/opt/vpn-service/VpnService.Api/bin/Debug/net9.0/VpnService.Domain.pdb" удаляется.
         Файл "/opt/vpn-service/VpnService.Api/bin/Debug/net9.0/VpnService.Application.pdb" удаляется.
         Файл "/opt/vpn-service/VpnService.Api/bin/Debug/net9.0/VpnService.Infrastructure.pdb" удаляется.
         Файл "/opt/vpn-service/VpnService.Api/bin/Debug/net9.0/VpnService.Infrastructure.Abstractions.pdb" удаляется.
         Файл "/opt/vpn-service/VpnService.Api/obj/Debug/net9.0/VpnService.Api.csproj.AssemblyReference.cache" удаляется.
         Файл "/opt/vpn-service/VpnService.Api/obj/Debug/net9.0/VpnService.Api.GeneratedMSBuildEditorConfig.editorconfig" удаляется.
         Файл "/opt/vpn-service/VpnService.Api/obj/Debug/net9.0/VpnService.Api.AssemblyInfoInputs.cache" удаляется.
         Файл "/opt/vpn-service/VpnService.Api/obj/Debug/net9.0/VpnService.Api.AssemblyInfo.cs" удаляется.
         Файл "/opt/vpn-service/VpnService.Api/obj/Debug/net9.0/VpnService.Api.csproj.CoreCompileInputs.cache" удаляется.
         Файл "/opt/vpn-service/VpnService.Api/obj/Debug/net9.0/VpnService.Api.MvcApplicationPartsAssemblyInfo.cs" удаляется.
         Файл "/opt/vpn-service/VpnService.Api/obj/Debug/net9.0/VpnService.Api.MvcApplicationPartsAssemblyInfo.cache" удаляется.
         Файл "/opt/vpn-service/VpnService.Api/obj/Debug/net9.0/VpnService.Api.sourcelink.json" удаляется.
         Файл "/opt/vpn-service/VpnService.Api/obj/Debug/net9.0/staticwebassets.build.json" удаляется.
         Файл "/opt/vpn-service/VpnService.Api/obj/Debug/net9.0/staticwebassets.build.endpoints.json" удаляется.
         Файл "/opt/vpn-service/VpnService.Api/obj/Debug/net9.0/staticwebassets/msbuild.build.VpnService.Api.props" удаляется.
         Файл "/opt/vpn-service/VpnService.Api/obj/Debug/net9.0/staticwebassets/msbuild.buildMultiTargeting.VpnService.Api.props" удаляется.
         Файл "/opt/vpn-service/VpnService.Api/obj/Debug/net9.0/staticwebassets/msbuild.buildTransitive.VpnService.Api.props" удаляется.
         Файл "/opt/vpn-service/VpnService.Api/obj/Debug/net9.0/VpnServi.289927BD.Up2Date" удаляется.
         Файл "/opt/vpn-service/VpnService.Api/obj/Debug/net9.0/VpnService.Api.dll" удаляется.
         Файл "/opt/vpn-service/VpnService.Api/obj/Debug/net9.0/refint/VpnService.Api.dll" удаляется.
         Файл "/opt/vpn-service/VpnService.Api/obj/Debug/net9.0/VpnService.Api.pdb" удаляется.
         Файл "/opt/vpn-service/VpnService.Api/obj/Debug/net9.0/VpnService.Api.genruntimeconfig.cache" удаляется.
         Файл "/opt/vpn-service/VpnService.Api/obj/Debug/net9.0/ref/VpnService.Api.dll" удаляется.
     1>Проект "/opt/vpn-service/VpnService.sln" (1) выполняет сборку "/opt/vpn-service/VpnService.Domain/VpnService.Domain.csproj" (5:3) в узле 2 (целевые объекты Clean).
     5>CoreClean:
         Файл "/opt/vpn-service/VpnService.Domain/bin/Debug/net9.0/VpnService.Domain.deps.json" удаляется.
         Файл "/opt/vpn-service/VpnService.Domain/bin/Debug/net9.0/VpnService.Domain.dll" удаляется.
         Файл "/opt/vpn-service/VpnService.Domain/bin/Debug/net9.0/VpnService.Domain.pdb" удаляется.
         Файл "/opt/vpn-service/VpnService.Domain/obj/Debug/net9.0/VpnService.Domain.GeneratedMSBuildEditorConfig.editorconfig" удаляется.
         Файл "/opt/vpn-service/VpnService.Domain/obj/Debug/net9.0/VpnService.Domain.AssemblyInfoInputs.cache" удаляется.
         Файл "/opt/vpn-service/VpnService.Domain/obj/Debug/net9.0/VpnService.Domain.AssemblyInfo.cs" удаляется.
         Файл "/opt/vpn-service/VpnService.Domain/obj/Debug/net9.0/VpnService.Domain.csproj.CoreCompileInputs.cache" удаляется.
         Файл "/opt/vpn-service/VpnService.Domain/obj/Debug/net9.0/VpnService.Domain.sourcelink.json" удаляется.
         Файл "/opt/vpn-service/VpnService.Domain/obj/Debug/net9.0/VpnService.Domain.dll" удаляется.
         Файл "/opt/vpn-service/VpnService.Domain/obj/Debug/net9.0/refint/VpnService.Domain.dll" удаляется.
         Файл "/opt/vpn-service/VpnService.Domain/obj/Debug/net9.0/VpnService.Domain.pdb" удаляется.
         Файл "/opt/vpn-service/VpnService.Domain/obj/Debug/net9.0/ref/VpnService.Domain.dll" удаляется.
     5>Сборка проекта "/opt/vpn-service/VpnService.Domain/VpnService.Domain.csproj" завершена (целевые объекты Clean).
     1>Проект "/opt/vpn-service/VpnService.sln" (1) выполняет сборку "/opt/vpn-service/VpnService.Infrastructure.Abstractions/VpnService.Infrastructure.Abstractions.csproj" (6) в узле 1 (целевые объекты Clean).
     6>CoreClean:
         Файл "/opt/vpn-service/VpnService.Infrastructure.Abstractions/bin/Debug/net9.0/VpnService.Infrastructure.Abstractions.deps.json" удаляется.
         Файл "/opt/vpn-service/VpnService.Infrastructure.Abstractions/bin/Debug/net9.0/VpnService.Infrastructure.Abstractions.dll" удаляется.
         Файл "/opt/vpn-service/VpnService.Infrastructure.Abstractions/bin/Debug/net9.0/VpnService.Infrastructure.Abstractions.pdb" удаляется.
         Файл "/opt/vpn-service/VpnService.Infrastructure.Abstractions/bin/Debug/net9.0/VpnService.Domain.dll" удаляется.
         Файл "/opt/vpn-service/VpnService.Infrastructure.Abstractions/bin/Debug/net9.0/VpnService.Domain.pdb" удаляется.
         Файл "/opt/vpn-service/VpnService.Infrastructure.Abstractions/obj/Debug/net9.0/VpnService.Infrastructure.Abstractions.csproj.AssemblyReference.cache" удаляется.
         Файл "/opt/vpn-service/VpnService.Infrastructure.Abstractions/obj/Debug/net9.0/VpnService.Infrastructure.Abstractions.GeneratedMSBuildEditorConfig.editorconfig" удаляется.
         Файл "/opt/vpn-service/VpnService.Infrastructure.Abstractions/obj/Debug/net9.0/VpnService.Infrastructure.Abstractions.AssemblyInfoInputs.cache" удаляется.
         Файл "/opt/vpn-service/VpnService.Infrastructure.Abstractions/obj/Debug/net9.0/VpnService.Infrastructure.Abstractions.AssemblyInfo.cs" удаляется.
         Файл "/opt/vpn-service/VpnService.Infrastructure.Abstractions/obj/Debug/net9.0/VpnService.Infrastructure.Abstractions.csproj.CoreCompileInputs.cache" удаляется.
         Файл "/opt/vpn-service/VpnService.Infrastructure.Abstractions/obj/Debug/net9.0/VpnService.Infrastructure.Abstractions.sourcelink.json" удаляется.
         Файл "/opt/vpn-service/VpnService.Infrastructure.Abstractions/obj/Debug/net9.0/VpnServi.C003FADF.Up2Date" удаляется.
         Файл "/opt/vpn-service/VpnService.Infrastructure.Abstractions/obj/Debug/net9.0/VpnService.Infrastructure.Abstractions.dll" удаляется.
         Файл "/opt/vpn-service/VpnService.Infrastructure.Abstractions/obj/Debug/net9.0/refint/VpnService.Infrastructure.Abstractions.dll" удаляется.
         Файл "/opt/vpn-service/VpnService.Infrastructure.Abstractions/obj/Debug/net9.0/VpnService.Infrastructure.Abstractions.pdb" удаляется.
         Файл "/opt/vpn-service/VpnService.Infrastructure.Abstractions/obj/Debug/net9.0/ref/VpnService.Infrastructure.Abstractions.dll" удаляется.
     6>Сборка проекта "/opt/vpn-service/VpnService.Infrastructure.Abstractions/VpnService.Infrastructure.Abstractions.csproj" завершена (целевые объекты Clean).
     3>Сборка проекта "/opt/vpn-service/VpnService.Application/VpnService.Application.csproj" завершена (целевые объекты Clean).
     2>Сборка проекта "/opt/vpn-service/VpnService.Infrastructure/VpnService.Infrastructure.csproj" завершена (целевые объекты Clean).
     4>Сборка проекта "/opt/vpn-service/VpnService.Api/VpnService.Api.csproj" завершена (целевые объекты Clean).
     1>Сборка проекта "/opt/vpn-service/VpnService.sln" завершена (целевые объекты Clean).

Сборка успешно завершена.
    Предупреждений: 0
    Ошибок: 0

Прошло времени 00:00:01.37

-------------------------------------------
TASK: Build: remove bin/obj
TIME_UTC: Вс 04 янв 2026 08:30:34 UTC
HOST: Vpn-Main
REPO_ROOT: /opt/vpn-service
-------------------------------------------
+ bash -lc cd '/opt/vpn-service' && find . -type d \( -name bin -o -name obj \) -prune -exec rm -rf {} +

-------------------------------------------
TASK: Build: restore
TIME_UTC: Вс 04 янв 2026 08:30:34 UTC
HOST: Vpn-Main
REPO_ROOT: /opt/vpn-service
-------------------------------------------
+ bash -lc cd '/opt/vpn-service' && dotnet restore
  Определение проектов для восстановления...
  Восстановлен /opt/vpn-service/VpnService.Infrastructure.Abstractions/VpnService.Infrastructure.Abstractions.csproj (за 326 мс).
  Восстановлен /opt/vpn-service/VpnService.Domain/VpnService.Domain.csproj (за 327 мс).
  Восстановлен /opt/vpn-service/VpnService.Application/VpnService.Application.csproj (за 327 мс).
  Восстановлен /opt/vpn-service/VpnService.Api/VpnService.Api.csproj (за 3,48 с).
  Восстановлен /opt/vpn-service/VpnService.Infrastructure/VpnService.Infrastructure.csproj (за 3,96 с).

-------------------------------------------
TASK: Build: build Debug
TIME_UTC: Вс 04 янв 2026 08:30:41 UTC
HOST: Vpn-Main
REPO_ROOT: /opt/vpn-service
-------------------------------------------
+ bash -lc cd '/opt/vpn-service' && dotnet build -c Debug
  Определение проектов для восстановления...
  Все проекты обновлены для восстановления.
  VpnService.Domain -> /opt/vpn-service/VpnService.Domain/bin/Debug/net9.0/VpnService.Domain.dll
  VpnService.Infrastructure.Abstractions -> /opt/vpn-service/VpnService.Infrastructure.Abstractions/bin/Debug/net9.0/VpnService.Infrastructure.Abstractions.dll
  VpnService.Application -> /opt/vpn-service/VpnService.Application/bin/Debug/net9.0/VpnService.Application.dll
/opt/vpn-service/VpnService.Infrastructure/Repositories/RefreshTokenRepository.cs(35,23): warning CS1998: В данном асинхронном методе отсутствуют операторы await, поэтому метод будет выполняться синхронно. Воспользуйтесь оператором await для ожидания неблокирующих вызовов API или оператором await Task.Run(...) для выполнения связанных с ЦП заданий в фоновом потоке. [/opt/vpn-service/VpnService.Infrastructure/VpnService.Infrastructure.csproj]
/opt/vpn-service/VpnService.Infrastructure/Repositories/PeerRepository.cs(57,23): warning CS1998: В данном асинхронном методе отсутствуют операторы await, поэтому метод будет выполняться синхронно. Воспользуйтесь оператором await для ожидания неблокирующих вызовов API или оператором await Task.Run(...) для выполнения связанных с ЦП заданий в фоновом потоке. [/opt/vpn-service/VpnService.Infrastructure/VpnService.Infrastructure.csproj]
  VpnService.Infrastructure -> /opt/vpn-service/VpnService.Infrastructure/bin/Debug/net9.0/VpnService.Infrastructure.dll
  VpnService.Api -> /opt/vpn-service/VpnService.Api/bin/Debug/net9.0/VpnService.Api.dll

Сборка успешно завершена.

/opt/vpn-service/VpnService.Infrastructure/Repositories/RefreshTokenRepository.cs(35,23): warning CS1998: В данном асинхронном методе отсутствуют операторы await, поэтому метод будет выполняться синхронно. Воспользуйтесь оператором await для ожидания неблокирующих вызовов API или оператором await Task.Run(...) для выполнения связанных с ЦП заданий в фоновом потоке. [/opt/vpn-service/VpnService.Infrastructure/VpnService.Infrastructure.csproj]
/opt/vpn-service/VpnService.Infrastructure/Repositories/PeerRepository.cs(57,23): warning CS1998: В данном асинхронном методе отсутствуют операторы await, поэтому метод будет выполняться синхронно. Воспользуйтесь оператором await для ожидания неблокирующих вызовов API или оператором await Task.Run(...) для выполнения связанных с ЦП заданий в фоновом потоке. [/opt/vpn-service/VpnService.Infrastructure/VpnService.Infrastructure.csproj]
    Предупреждений: 2
    Ошибок: 0

Прошло времени 00:00:05.89

-------------------------------------------
TASK: Route audit: WireGuard controllers/classes
TIME_UTC: Вс 04 янв 2026 08:30:48 UTC
HOST: Vpn-Main
REPO_ROOT: /opt/vpn-service
-------------------------------------------
+ bash -lc cd '/opt/vpn-service' && grep -R --line-number 'class .*WireGuard' VpnService.Api/Controllers || true
VpnService.Api/Controllers/AdminWireGuardController.cs:12:public sealed class AdminWireGuardController : ControllerBase
VpnService.Api/Controllers/V1/WireGuardAdminController.cs:12:    public class WireGuardAdminController : ControllerBase

-------------------------------------------
TASK: Route audit: wg routes
TIME_UTC: Вс 04 янв 2026 08:30:48 UTC
HOST: Vpn-Main
REPO_ROOT: /opt/vpn-service
-------------------------------------------
+ bash -lc cd '/opt/vpn-service' && { grep -R --line-number 'admin/wg/state' VpnService.Api/Controllers || true;                      grep -R --line-number '\[Route' VpnService.Api/Controllers | grep -i wg || true; }
VpnService.Api/Controllers/AdminWireGuardController.cs:10:[Route("api/v1/admin/wg")]
VpnService.Api/Controllers/V1/WireGuardAdminController.cs:10:    [Route("api/v1/admin/wg")]

-------------------------------------------
TASK: Smoke: health
TIME_UTC: Вс 04 янв 2026 08:30:48 UTC
HOST: Vpn-Main
REPO_ROOT: /opt/vpn-service
-------------------------------------------
+ curl -sS http://localhost:5272/health
Healthy
-------------------------------------------
TASK: Smoke: login and token
TIME_UTC: Вс 04 янв 2026 08:30:48 UTC
HOST: Vpn-Main
REPO_ROOT: /opt/vpn-service
-------------------------------------------
[0;31mERROR:[0m access token is empty. Check /api/v1/auth/login and API logs.
Hint: verify LoginRequest DTO and credentials.
