-------------------------------------------
TASK: Postgres: ports 5432/5433 in use
TIME_UTC: Пн 05 янв 2026 10:16:18 UTC
HOST: Vpn-Main
REPO_ROOT: /opt/vpn-service
-------------------------------------------
+ bash -lc ss -lntp 2>/dev/null | { grep ':5432' || true; grep ':5433' || true; } || true
LISTEN 0      244        127.0.0.1:5432      0.0.0.0:*    users:(("postgres",pid=903,fd=6))                     
LISTEN 0      244            [::1]:5432         [::]:*    users:(("postgres",pid=903,fd=5))                     

-------------------------------------------
TASK: Postgres: docker ps -a (filtered)
TIME_UTC: Пн 05 янв 2026 10:16:18 UTC
HOST: Vpn-Main
REPO_ROOT: /opt/vpn-service
-------------------------------------------
+ docker ps -a --filter name=vpnservice-postgres --filter name=postgres
CONTAINER ID   IMAGE     COMMAND   CREATED   STATUS    PORTS     NAMES

-------------------------------------------
TASK: Postgres: docker compose config --services
TIME_UTC: Пн 05 янв 2026 10:16:18 UTC
HOST: Vpn-Main
REPO_ROOT: /opt/vpn-service
-------------------------------------------
+ docker compose --env-file /opt/vpn-service/infra/postgres/.env -f /opt/vpn-service/infra/postgres/docker-compose.yml config --services
postgres

-------------------------------------------
TASK: Postgres: docker compose ps
TIME_UTC: Пн 05 янв 2026 10:16:18 UTC
HOST: Vpn-Main
REPO_ROOT: /opt/vpn-service
-------------------------------------------
+ docker compose --env-file /opt/vpn-service/infra/postgres/.env -f /opt/vpn-service/infra/postgres/docker-compose.yml ps
NAME      IMAGE     COMMAND   SERVICE   CREATED   STATUS    PORTS

-------------------------------------------
TASK: Postgres: docker inspect state/health
TIME_UTC: Пн 05 янв 2026 10:16:18 UTC
HOST: Vpn-Main
REPO_ROOT: /opt/vpn-service
-------------------------------------------
+ bash -lc docker inspect --format '{{.State.Status}}/{{if .State.Health}}{{.State.Health.Status}}{{end}}' 'vpnservice-postgres' 2>/dev/null || true


-------------------------------------------
TASK: Postgres: docker logs (tail 120)
TIME_UTC: Пн 05 янв 2026 10:16:18 UTC
HOST: Vpn-Main
REPO_ROOT: /opt/vpn-service
-------------------------------------------
+ bash -lc if docker ps -a --format '{{.Names}}' | grep -qx 'vpnservice-postgres'; then docker logs --tail 120 'vpnservice-postgres'; else echo 'Container not found'; fi
Container not found

