----------------------------------------------------------------
>>> Stage 3.5 — API DOCTOR
----------------------------------------------------------------
API_URL=http://localhost:5272
TOKEN_FILE=/opt/vpn-service/reports/last_token.txt (exists=yes)

----------------------------------------------------------------
>>> Probe /health (no auth)
----------------------------------------------------------------
GET /health => 200
----------------------------------------------------------------
>>> Probe /api/v1/admin/wg/state (no auth)
----------------------------------------------------------------
GET /api/v1/admin/wg/state => 401
----------------------------------------------------------------
>>> Probe /api/v1/admin/wg/state (with token if present)
----------------------------------------------------------------
GET /api/v1/admin/wg/state (auth) => 401
----------------------------------------------------------------
>>> AUTH: login (writes token to reports/last_token.txt)
----------------------------------------------------------------
HTTP=200 BODY=/opt/vpn-service/reports/stage35_login_2026-01-06_15-25-30.json
OK token saved: /opt/vpn-service/reports/last_token.txt
GET /api/v1/admin/wg/state (auth after login) => 200
----------------------------------------------------------------
>>> Probe reconcile endpoint methods (no body)
----------------------------------------------------------------
GET /api/v1/admin/wg/reconcile => 200 out=/opt/vpn-service/reports/stage35_reconcile_GET_2026-01-06_15-25-31.out
POST /api/v1/admin/wg/reconcile => 405 out=/opt/vpn-service/reports/stage35_reconcile_POST_2026-01-06_15-25-31.out
  Allow: GET
PUT /api/v1/admin/wg/reconcile => 405 out=/opt/vpn-service/reports/stage35_reconcile_PUT_2026-01-06_15-25-31.out
  Allow: GET
PATCH /api/v1/admin/wg/reconcile => 405 out=/opt/vpn-service/reports/stage35_reconcile_PATCH_2026-01-06_15-25-31.out
  Allow: GET
----------------------------------------------------------------
>>> DONE
----------------------------------------------------------------
Report: /opt/vpn-service/reports/report_stage35_api_doctor_2026-01-06_15-25-30.log
