-------------------------------------------
TASK: Git: status
TIME_UTC: Вс 04 янв 2026 09:02:29 UTC
HOST: Vpn-Main
REPO_ROOT: /opt/vpn-service
-------------------------------------------
+ bash -lc cd '/opt/vpn-service' && git status
On branch main
Your branch is up to date with 'origin/main'.

Changes not staged for commit:
  (use "git add <file>..." to update what will be committed)
  (use "git restore <file>..." to discard changes in working directory)
	modified:   reports/api.pid
	modified:   reports/report_2026-01-04_08-29-33.log.api.out

Untracked files:
  (use "git add <file>..." to include in what will be committed)
	reports/report_2026-01-04_09-00-41.log.api.out

no changes added to commit (use "git add" and/or "git commit -a")

-------------------------------------------
TASK: Git: fetch --all --prune
TIME_UTC: Вс 04 янв 2026 09:02:29 UTC
HOST: Vpn-Main
REPO_ROOT: /opt/vpn-service
-------------------------------------------
+ bash -lc cd '/opt/vpn-service' && git fetch --all --prune

-------------------------------------------
TASK: Git: pull --rebase
TIME_UTC: Вс 04 янв 2026 09:02:32 UTC
HOST: Vpn-Main
REPO_ROOT: /opt/vpn-service
-------------------------------------------
+ bash -lc cd '/opt/vpn-service' && git pull --rebase
error: cannot pull with rebase: You have unstaged changes.
error: Please commit or stash them.

-------------------------------------------
TASK: Git: log -5
TIME_UTC: Вс 04 янв 2026 09:02:32 UTC
HOST: Vpn-Main
REPO_ROOT: /opt/vpn-service
-------------------------------------------
+ bash -lc cd '/opt/vpn-service' && git log -5 --oneline
b7db948 Devmmenu add func
bb6e0ba Repo api out
ce6191f Reports123
3ec6406 Reports12
12e33f0 Reports1

