Используются параметры запуска из VpnService.Api/Properties/launchSettings.json...
Сборка…
/opt/vpn-service/VpnService.Infrastructure/Repositories/RefreshTokenRepository.cs(35,23): warning CS1998: В данном асинхронном методе отсутствуют операторы await, поэтому метод будет выполняться синхронно. Воспользуйтесь оператором await для ожидания неблокирующих вызовов API или оператором await Task.Run(...) для выполнения связанных с ЦП заданий в фоновом потоке. [/opt/vpn-service/VpnService.Infrastructure/VpnService.Infrastructure.csproj]
/opt/vpn-service/VpnService.Infrastructure/Repositories/PeerRepository.cs(57,23): warning CS1998: В данном асинхронном методе отсутствуют операторы await, поэтому метод будет выполняться синхронно. Воспользуйтесь оператором await для ожидания неблокирующих вызовов API или оператором await Task.Run(...) для выполнения связанных с ЦП заданий в фоновом потоке. [/opt/vpn-service/VpnService.Infrastructure/VpnService.Infrastructure.csproj]
[19:47:24 INF] Saved 0 entities to in-memory store.
[19:47:24 INF] In-memory database created successfully
[19:47:24 INF] VPN Service starting...
[19:47:24 INF] User profile is available. Using '/root/.aspnet/DataProtection-Keys' as key repository; keys will not be encrypted at rest.
[19:47:25 INF] Now listening on: http://localhost:5272
[19:47:25 INF] Application started. Press Ctrl+C to shut down.
[19:47:25 INF] Hosting environment: Development
[19:47:25 INF] Content root path: /opt/vpn-service/VpnService.Api
[19:47:25 INF] Request starting HTTP/1.1 GET http://localhost:5272/health - null null
[19:47:25 WRN] Failed to determine the https port for redirect.
[19:47:26 INF] Executing endpoint 'Health checks'
[19:47:26 INF] Executed endpoint 'Health checks'
[19:47:26 INF] Request finished HTTP/1.1 GET http://localhost:5272/health - 200 null text/plain 175.0201ms
[19:47:59 INF] Request starting HTTP/1.1 GET http://localhost:5272/health - null null
[19:47:59 INF] Executing endpoint 'Health checks'
[19:47:59 INF] Executed endpoint 'Health checks'
[19:47:59 INF] Request finished HTTP/1.1 GET http://localhost:5272/health - 200 null text/plain 7.1629ms
[19:47:59 INF] Request starting HTTP/1.1 POST http://localhost:5272/api/v1/auth/login - application/json 42
[19:47:59 INF] Executing endpoint 'VpnService.Api.Controllers.AuthController.Login (VpnService.Api)'
[19:47:59 INF] Route matched with {action = "Login", controller = "Auth"}. Executing controller action with signature System.Threading.Tasks.Task`1[Microsoft.AspNetCore.Mvc.ActionResult`1[VpnService.Application.DTOs.AuthLoginResponse]] Login(VpnService.Application.DTOs.AuthLoginRequest) on controller VpnService.Api.Controllers.AuthController (VpnService.Api).
[19:47:59 INF] Saved 1 entities to in-memory store.
[19:47:59 INF] User logged in: admin
[19:47:59 INF] Executing OkObjectResult, writing value of type 'VpnService.Application.DTOs.AuthLoginResponse'.
[19:47:59 INF] Executed action VpnService.Api.Controllers.AuthController.Login (VpnService.Api) in 314.4081ms
[19:47:59 INF] Executed endpoint 'VpnService.Api.Controllers.AuthController.Login (VpnService.Api)'
[19:47:59 INF] Request finished HTTP/1.1 POST http://localhost:5272/api/v1/auth/login - 200 null application/json; charset=utf-8 363.1283ms
[19:48:27 INF] Request starting HTTP/1.1 GET http://localhost:5272/health - null null
[19:48:27 INF] Executing endpoint 'Health checks'
[19:48:27 INF] Executed endpoint 'Health checks'
[19:48:27 INF] Request finished HTTP/1.1 GET http://localhost:5272/health - 200 null text/plain 2.1836ms
[19:48:27 INF] Request starting HTTP/1.1 POST http://localhost:5272/api/v1/auth/login - application/json 42
[19:48:27 INF] Executing endpoint 'VpnService.Api.Controllers.AuthController.Login (VpnService.Api)'
[19:48:27 INF] Route matched with {action = "Login", controller = "Auth"}. Executing controller action with signature System.Threading.Tasks.Task`1[Microsoft.AspNetCore.Mvc.ActionResult`1[VpnService.Application.DTOs.AuthLoginResponse]] Login(VpnService.Application.DTOs.AuthLoginRequest) on controller VpnService.Api.Controllers.AuthController (VpnService.Api).
[19:48:27 INF] Saved 1 entities to in-memory store.
[19:48:27 INF] User logged in: admin
[19:48:27 INF] Executing OkObjectResult, writing value of type 'VpnService.Application.DTOs.AuthLoginResponse'.
[19:48:27 INF] Executed action VpnService.Api.Controllers.AuthController.Login (VpnService.Api) in 57.6606ms
[19:48:27 INF] Executed endpoint 'VpnService.Api.Controllers.AuthController.Login (VpnService.Api)'
[19:48:27 INF] Request finished HTTP/1.1 POST http://localhost:5272/api/v1/auth/login - 200 null application/json; charset=utf-8 62.2468ms
[19:48:27 INF] Request starting HTTP/1.1 GET http://localhost:5272/api/v1/admin/wg/state?iface=wg1 - null null
[19:48:27 INF] Executing endpoint 'VpnService.Api.Controllers.V1.WireGuardAdminController.GetState (VpnService.Api)'
[19:48:27 INF] Route matched with {action = "GetState", controller = "WireGuardAdmin"}. Executing controller action with signature System.Threading.Tasks.Task`1[Microsoft.AspNetCore.Mvc.IActionResult] GetState(System.String, System.Threading.CancellationToken) on controller VpnService.Api.Controllers.V1.WireGuardAdminController (VpnService.Api).
[19:48:27 INF] Executing ContentResult with HTTP Response ContentType of application/json
[19:48:27 INF] Executed action VpnService.Api.Controllers.V1.WireGuardAdminController.GetState (VpnService.Api) in 67.1449ms
[19:48:27 INF] Executed endpoint 'VpnService.Api.Controllers.V1.WireGuardAdminController.GetState (VpnService.Api)'
[19:48:27 INF] Request finished HTTP/1.1 GET http://localhost:5272/api/v1/admin/wg/state?iface=wg1 - 200 171 application/json 144.1622ms
[19:48:53 INF] Request starting HTTP/1.1 GET http://localhost:5272/api/v1/admin/wg/reconcile?iface=wg1&mode=dry-run - null null
[19:48:53 INF] Executing endpoint 'VpnService.Api.Controllers.V1.WireGuardAdminController.Reconcile (VpnService.Api)'
[19:48:53 INF] Route matched with {action = "Reconcile", controller = "WireGuardAdmin"}. Executing controller action with signature Microsoft.AspNetCore.Mvc.IActionResult Reconcile(System.String, System.String) on controller VpnService.Api.Controllers.V1.WireGuardAdminController (VpnService.Api).
[19:48:53 INF] Executing OkObjectResult, writing value of type '<>f__AnonymousType2`3[[System.String, System.Private.CoreLib, Version=9.0.0.0, Culture=neutral, PublicKeyToken=7cec85d7bea7798e],[<>f__AnonymousType3`3[[System.Int32, System.Private.CoreLib, Version=9.0.0.0, Culture=neutral, PublicKeyToken=7cec85d7bea7798e],[System.Int32, System.Private.CoreLib, Version=9.0.0.0, Culture=neutral, PublicKeyToken=7cec85d7bea7798e],[System.Int32, System.Private.CoreLib, Version=9.0.0.0, Culture=neutral, PublicKeyToken=7cec85d7bea7798e]], VpnService.Api, Version=1.0.0.0, Culture=neutral, PublicKeyToken=null],[System.Object[], System.Private.CoreLib, Version=9.0.0.0, Culture=neutral, PublicKeyToken=7cec85d7bea7798e]]'.
[19:48:53 INF] Executed action VpnService.Api.Controllers.V1.WireGuardAdminController.Reconcile (VpnService.Api) in 11.7662ms
[19:48:53 INF] Executed endpoint 'VpnService.Api.Controllers.V1.WireGuardAdminController.Reconcile (VpnService.Api)'
[19:48:53 INF] Request finished HTTP/1.1 GET http://localhost:5272/api/v1/admin/wg/reconcile?iface=wg1&mode=dry-run - 200 null application/json; charset=utf-8 20.544ms
