-------------------------------------------
TASK: DB: list databases
TIME_UTC: Пн 05 янв 2026 13:40:29 UTC
HOST: Vpn-Main
REPO_ROOT: /opt/vpn-service
-------------------------------------------
DB_MODE=system
PG_HOST=127.0.0.1
PG_PORT=5432
PG_DB=vpnservice
PG_USER=vpnservice
PG_PASSWORD=23***
PG_ADMIN_USER=postgres
+ psql (admin) list databases
-------------------------------------------
TASK: DB: list databases (system)
TIME_UTC: Пн 05 янв 2026 13:40:29 UTC
HOST: Vpn-Main
REPO_ROOT: /opt/vpn-service
-------------------------------------------
+ sudo -u postgres psql -v ON_ERROR_STOP=1 -Atc SELECT datname FROM pg_database WHERE datistemplate = false ORDER BY 1;
postgres
vpnservice
STATUS: 0

