----------------------------------------------------------------
>>> Stage 3.5 — DIFF/PLAN (read-only)
----------------------------------------------------------------
DESIRED_FILE=/opt/vpn-service/reports/stage35_desired_2026-01-11_06-51-33.tsv
ACTUAL_FILE=/opt/vpn-service/reports/stage35_actual_2026-01-11_06-51-33.tsv
PLAN=/opt/vpn-service/reports/stage35_plan_2026-01-11_06-51-34.tsv
DIFF=/opt/vpn-service/reports/stage35_diff_2026-01-11_06-51-34.txt
----------------------------------------------------------------
>>> Normalize desired/actual -> maps
----------------------------------------------------------------
DESIRED_COUNT=1
ACTUAL_COUNT=1
----------------------------------------------------------------
>>> Summary
----------------------------------------------------------------
RESULT=NO_CHANGES
ADD=0 DEL=0 UPD=0
PLAN_FILE=/opt/vpn-service/reports/stage35_plan_2026-01-11_06-51-34.tsv
DIFF_FILE=/opt/vpn-service/reports/stage35_diff_2026-01-11_06-51-34.txt
----------------------------------------------------------------
>>> DONE
----------------------------------------------------------------
Report: /opt/vpn-service/reports/report_stage35_diff_2026-01-11_06-51-34.log
